Running: fuse.exe -relaunch -intstyle "ise" -incremental -lib "unisims_ver" -lib "unimacro_ver" -lib "xilinxcorelib_ver" -lib "secureip" -o "D:/BUAA/CS/ComputerOrgan/ISE/P5/New_Pipeline/TB_isim_beh.exe" -prj "D:/BUAA/CS/ComputerOrgan/ISE/P5/New_Pipeline/TB_beh.prj" "work.TB" "work.glbl" 
ISim P.20131013 (signature 0x8ef4fb42)
Number of CPUs detected in this system: 8
Turning on mult-threading, number of parallel sub-compilation jobs: 16 
Determining compilation order of HDL files
Analyzing Verilog file "D:/BUAA/CS/ComputerOrgan/ISE/P5/New_Pipeline/Res_Translator.v" into library work
Analyzing Verilog file "D:/BUAA/CS/ComputerOrgan/ISE/P5/New_Pipeline/NextPC.v" into library work
Analyzing Verilog file "D:/BUAA/CS/ComputerOrgan/ISE/P5/New_Pipeline/Stall_Detector.v" into library work
Analyzing Verilog file "D:/BUAA/CS/ComputerOrgan/ISE/P5/New_Pipeline/MEMWB.v" into library work
Analyzing Verilog file "D:/BUAA/CS/ComputerOrgan/ISE/P5/New_Pipeline/Instruction_Fetcher.v" into library work
Analyzing Verilog file "D:/BUAA/CS/ComputerOrgan/ISE/P5/New_Pipeline/ImmCalc.v" into library work
Analyzing Verilog file "D:/BUAA/CS/ComputerOrgan/ISE/P5/New_Pipeline/IFID.v" into library work
Analyzing Verilog file "D:/BUAA/CS/ComputerOrgan/ISE/P5/New_Pipeline/IDEX.v" into library work
Analyzing Verilog file "D:/BUAA/CS/ComputerOrgan/ISE/P5/New_Pipeline/GRF.v" into library work
Analyzing Verilog file "D:/BUAA/CS/ComputerOrgan/ISE/P5/New_Pipeline/Forward_Controller.v" into library work
Analyzing Verilog file "D:/BUAA/CS/ComputerOrgan/ISE/P5/New_Pipeline/EXMEM.v" into library work
Analyzing Verilog file "D:/BUAA/CS/ComputerOrgan/ISE/P5/New_Pipeline/DataMemory.v" into library work
Analyzing Verilog file "D:/BUAA/CS/ComputerOrgan/ISE/P5/New_Pipeline/Controller.v" into library work
Analyzing Verilog file "D:/BUAA/CS/ComputerOrgan/ISE/P5/New_Pipeline/CMP.v" into library work
Analyzing Verilog file "D:/BUAA/CS/ComputerOrgan/ISE/P5/New_Pipeline/ALU.v" into library work
Analyzing Verilog file "D:/BUAA/CS/ComputerOrgan/ISE/P5/New_Pipeline/mips.v" into library work
Analyzing Verilog file "D:/BUAA/CS/ComputerOrgan/ISE/P5/New_Pipeline/TB.v" into library work
Analyzing Verilog file "C:/Xilinx/14.7/ISE_DS/ISE//verilog/src/glbl.v" into library work
Starting static elaboration
Completed static elaboration
Fuse Memory Usage: 181236 KB
Fuse CPU Usage: 312 ms
Compiling module NextPC
Compiling module Instruction_Fetcher
Compiling module IFID
Compiling module Controller
Compiling module ImmCalc
Compiling module GRF
Compiling module CMP
Compiling module IDEX
Compiling module ALU
Compiling module EXMEM
Compiling module DataMemory
Compiling module MEMWB
Compiling module Res_Translator
Compiling module Forward_Controller
Compiling module Stall_Detector
Compiling module mips
Compiling module TB
Compiling module glbl
Time Resolution for simulation is 1ps.
Compiled 18 Verilog Units
Built simulation executable D:/BUAA/CS/ComputerOrgan/ISE/P5/New_Pipeline/TB_isim_beh.exe
Fuse Memory Usage: 188704 KB
Fuse CPU Usage: 937 ms
