ISim log file
Running: D:\BUAA\CS\ComputerOrgan\ISE\P5\New_Pipeline\TB_isim_beh.exe -intstyle ise -gui -tclbatch isim.cmd -wdb D:/BUAA/CS/ComputerOrgan/ISE/P5/New_Pipeline/TB_isim_beh.wdb 
ISim P.20131013 (signature 0x8ef4fb42)
WARNING: A WEBPACK license was found.
WARNING: Please use Xilinx License Configuration Manager to check out a full ISim license.
WARNING: ISim will run in Lite mode. Please refer to the ISim documentation for more information on the differences between the Lite and the Full version.
This is a Lite version of ISim.
Time resolution is 1 ps
# onerror resume
# wave add /
# run 1000 ns
Simulator is doing circuit initialization process.
Finished circuit initialization process.
                   9@00003000: $10 <= 00000000
                  11@00003004: $10 <= 00000001
                  13@00003008: $ 9 <= ffffffff
                  21@0000308c: $16 <= 08ae0000
                  23@00003014: $ 9 <= 00000000
                  25@00003018: $ 9 <= 00000000
                  31@00003024: $ 9 <= 00000000
                  33@00003028: $ 9 <= 00000001
                  39@00003034: $10 <= 00000000
                  41@00003038: $10 <= 00000001
                  43@0000303c: $ 9 <= ffffffff
                  51@000030a4: $16 <= 0d050000
                  53@00003048: $10 <= 00000000
                  55@0000304c: $ 9 <= 00000000
                  63@000030ac: $16 <= 115c0000
                  65@00003058: $10 <= 00000000
                  67@0000305c: $10 <= 00000001
                  69@00003060: $ 9 <= ffffffff
                  75@0000306c: $10 <= 00000000
                  77@00003070: $10 <= 00000001
                  79@00003074: $ 9 <= 00000001
                  87@000030bc: $16 <= 1a0a0000
                  91@00003084: $ 1 <= 000000e9
ISim P.20131013 (signature 0x8ef4fb42)
WARNING: A WEBPACK license was found.
WARNING: Please use Xilinx License Configuration Manager to check out a full ISim license.
WARNING: ISim will run in Lite mode. Please refer to the ISim documentation for more information on the differences between the Lite and the Full version.
This is a Lite version of ISim.
# run 1000 ns
Simulator is doing circuit initialization process.
Finished circuit initialization process.
                   9@00003000: $10 <= 00000000
                  11@00003004: $10 <= 00000001
                  13@00003008: $ 9 <= ffffffff
                  21@0000308c: $16 <= 08ae0000
                  23@00003014: $ 9 <= 00000000
                  25@00003018: $ 9 <= 00000000
                  31@00003024: $ 9 <= 00000000
                  33@00003028: $ 9 <= 00000001
                  39@00003034: $10 <= 00000000
                  41@00003038: $10 <= 00000001
                  43@0000303c: $ 9 <= ffffffff
                  51@000030a4: $16 <= 0d050000
                  53@00003048: $10 <= 00000000
                  55@0000304c: $ 9 <= 00000000
                  63@000030ac: $16 <= 115c0000
                  65@00003058: $10 <= 00000000
                  67@0000305c: $10 <= 00000001
                  69@00003060: $ 9 <= ffffffff
                  75@0000306c: $10 <= 00000000
                  77@00003070: $10 <= 00000001
                  79@00003074: $ 9 <= 00000001
                  87@000030bc: $16 <= 1a0a0000
                  91@00003084: $ 1 <= 000000e9
ISim P.20131013 (signature 0x8ef4fb42)
WARNING: A WEBPACK license was found.
WARNING: Please use Xilinx License Configuration Manager to check out a full ISim license.
WARNING: ISim will run in Lite mode. Please refer to the ISim documentation for more information on the differences between the Lite and the Full version.
This is a Lite version of ISim.
# run 1000 ns
Simulator is doing circuit initialization process.
Finished circuit initialization process.
                   9@00003000: $10 <= 00000000
                  11@00003004: $10 <= 00000001
                  13@00003008: $ 9 <= ffffffff
                  21@0000308c: $16 <= 08ae0000
                  23@00003014: $ 9 <= 00000000
                  25@00003018: $ 9 <= 00000000
                  31@00003024: $ 9 <= 00000000
                  33@00003028: $ 9 <= 00000001
                  39@00003034: $10 <= 00000000
                  41@00003038: $10 <= 00000001
                  43@0000303c: $ 9 <= ffffffff
                  51@000030a4: $16 <= 0d050000
                  53@00003048: $10 <= 00000000
                  55@0000304c: $ 9 <= 00000000
                  63@000030ac: $16 <= 115c0000
                  65@00003058: $10 <= 00000000
                  67@0000305c: $10 <= 00000001
                  69@00003060: $ 9 <= ffffffff
                  75@0000306c: $10 <= 00000000
                  77@00003070: $10 <= 00000001
                  79@00003074: $ 9 <= 00000001
                  87@000030bc: $16 <= 1a0a0000
                  91@00003084: $ 1 <= 000000e9
