ISim log file
Running: D:\BUAA\CS\ComputerOrgan\ISE\P8\TB_isim_beh.exe -intstyle ise -gui -tclbatch isim.cmd -wdb D:/BUAA/CS/ComputerOrgan/ISE/P8/TB_isim_beh.wdb 
ISim P.20131013 (signature 0x8ef4fb42)
WARNING: A WEBPACK license was found.
WARNING: Please use Xilinx License Configuration Manager to check out a full ISim license.
WARNING: ISim will run in Lite mode. Please refer to the ISim documentation for more information on the differences between the Lite and the Full version.
This is a Lite version of ISim.
WARNING:  For instance IFU/Instuctions_IPcore/, width 13 of formal port addra is not equal to width 32 of actual constant.
Time resolution is 1 ps
# onerror resume
# wave add /
# run 1000 ns
Simulator is doing circuit initialization process.
 Block Memory Generator CORE Generator module loading initial data...
 Block Memory Generator data initialization complete.
Block Memory Generator CORE Generator module TB.uut.CPU.IFU.Instuctions_IPcore.inst.\native_mem_module.blk_mem_gen_v7_3_inst  is using a behavioral model for simulation which will not precisely model memory collision behavior.
Block Memory Generator CORE Generator module TB.uut.CPU.Mems_IPcore.inst.\native_mem_module.blk_mem_gen_v7_3_inst  is using a behavioral model for simulation which will not precisely model memory collision behavior.
Finished circuit initialization process.
                  23@00003000: $ 1 <= 7fff0000
                  25@00003004: $ 1 <= 7fff0000
                  27@00003008: $ 1 <= 7fffffff
                  29@0000300c: $ 2 <= 0000ffff
                  39@00004180: $ 3 <= 8000fffe
                  41@00004184: $ 1 <= 00000000
                  43@00004188: $ 2 <= 00000000
                  45@0000418c: $27 <= 00003010
                  47@00004190: $26 <= 00003000
                  65@00003014: $ 1 <= 7fff0000
                  67@00003018: $ 1 <= 7fffffff
                  69@0000301c: $ 2 <= 0000ffff
                  71@00003020: $ 3 <= 8000fffe
                  73@00003024: $ 1 <= 80000000
                  75@00003028: $ 2 <= 0000ffff
                  85@00004180: $ 3 <= ffff0000
                  87@00004184: $ 1 <= 00000000
                  89@00004188: $ 2 <= 00000000
                  91@0000418c: $27 <= 0000302c
                  93@00004190: $26 <= 00003000
                 111@00003030: $ 1 <= 80000000
                 113@00003034: $ 2 <= 0000ffff
                 115@00003038: $ 3 <= 7fff0001
                 117@0000303c: $ 3 <= ffff0000
                 119@00003040: $ 2 <= 00000003
                 131@00004184: $ 1 <= 00000000
                 133@00004188: $ 2 <= 00000000
                 135@0000418c: $27 <= 00003044
                 137@00004190: $26 <= 00003000
                 155@00003048: $ 2 <= 00007f08
                 167@00004184: $ 1 <= 00000000
                 169@00004188: $ 2 <= 00000000
                 171@0000418c: $27 <= 0000304c
                 173@00004190: $26 <= 00003000
                 191@00003050: $ 2 <= 00003004
                 203@00004184: $ 1 <= 00000000
                 205@00004188: $ 2 <= 00000000
                 207@0000418c: $27 <= 00003054
                 209@00004190: $26 <= 00003000
                 227@00003058: $ 2 <= 00000000
                 231@00003060: $ 3 <= ffff0000
                 235@00003068: $ 1 <= 00007f00
                 241@00003074: $ 2 <= 00000001
                 251@00004180: $ 3 <= 00000000
                 253@00004184: $ 1 <= 00000000
                 255@00004188: $ 2 <= 00000000
                 257@0000418c: $27 <= 00003078
                 259@00004190: $26 <= 00003000
                 277@0000307c: $ 1 <= 00007f00
                 279@00003080: $ 3 <= 00000000
                 281@00003084: $ 3 <= ffff0000
                 283@00003088: $ 3 <= 00000000
                 285@0000308c: $ 2 <= 00003008
                 295@00004180: $ 1 <= 7fff0000
                 297@00004184: $ 1 <= 00000000
                 299@00004188: $ 2 <= 00000000
                 301@0000418c: $27 <= 00003090
                 303@00004190: $26 <= 00003000
                 321@00003094: $ 1 <= 7fff0000
                 323@00003098: $ 1 <= 7ffffffc
                 333@00004180: $31 <= 00004188
                 335@00004184: $ 1 <= 00000000
                 337@000030b4: $ 2 <= 00000000
                 339@000030b8: $ 3 <= ffff0000
                 341@000030bc: $ 2 <= 00000003
                 343@000030c0: $31 <= 000030c8
                 349@000030cc: $ 1 <= 7fff0000
                 351@000030d0: $ 1 <= 7fffffff
                 353@000030d4: $ 2 <= 0000ffff
                 355@000030d8: $ 3 <= 00000000
                 361@000030e0: $ 1 <= ffff0000
                 363@000030e8: $ 1 <= ffff0000
                 365@000030ec: $ 2 <= 00000003
                 367@000030f0: $ 4 <= 00000000
                 373@000030f8: $ 1 <= ffff0000
                 375@00003100: $ 1 <= ffff0000
                 383@000030cc: $ 1 <= 7fff0000
                 385@000030d0: $ 1 <= 7fffffff
                 387@000030d4: $ 2 <= 0000ffff
                 389@000030d8: $ 3 <= 00000000
                 395@000030e0: $ 1 <= ffff0000
                 397@000030e8: $ 1 <= ffff0000
                 399@000030ec: $ 2 <= 00000003
                 401@000030f0: $ 4 <= 00000000
                 407@000030f8: $ 1 <= ffff0000
                 409@00003100: $ 1 <= ffff0000
                 417@000030cc: $ 1 <= 7fff0000
                 419@000030d0: $ 1 <= 7fffffff
                 421@000030d4: $ 2 <= 0000ffff
                 423@000030d8: $ 3 <= 00000000
                 429@000030e0: $ 1 <= ffff0000
                 431@000030e8: $ 1 <= ffff0000
                 433@000030ec: $ 2 <= 00000003
                 435@000030f0: $ 4 <= 00000000
                 441@000030f8: $ 1 <= ffff0000
                 443@00003100: $ 1 <= ffff0000
                 451@000030cc: $ 1 <= 7fff0000
                 453@000030d0: $ 1 <= 7fffffff
                 455@000030d4: $ 2 <= 0000ffff
                 457@000030d8: $ 3 <= 00000000
                 463@000030e0: $ 1 <= ffff0000
                 465@000030e8: $ 1 <= ffff0000
                 467@000030ec: $ 2 <= 00000003
                 469@000030f0: $ 4 <= 00000000
                 475@000030f8: $ 1 <= ffff0000
                 477@00003100: $ 1 <= ffff0000
                 485@000030cc: $ 1 <= 7fff0000
                 487@000030d0: $ 1 <= 7fffffff
                 489@000030d4: $ 2 <= 0000ffff
                 491@000030d8: $ 3 <= 00000000
                 497@000030e0: $ 1 <= ffff0000
                 499@000030e8: $ 1 <= ffff0000
                 501@000030ec: $ 2 <= 00000003
                 503@000030f0: $ 4 <= 00000000
                 509@000030f8: $ 1 <= ffff0000
                 511@00003100: $ 1 <= ffff0000
                 519@000030cc: $ 1 <= 7fff0000
                 521@000030d0: $ 1 <= 7fffffff
                 523@000030d4: $ 2 <= 0000ffff
                 525@000030d8: $ 3 <= 00000000
                 531@000030e0: $ 1 <= ffff0000
                 533@000030e8: $ 1 <= ffff0000
                 535@000030ec: $ 2 <= 00000003
                 537@000030f0: $ 4 <= 00000000
                 543@000030f8: $ 1 <= ffff0000
                 545@00003100: $ 1 <= ffff0000
                 553@000030cc: $ 1 <= 7fff0000
                 555@000030d0: $ 1 <= 7fffffff
                 557@000030d4: $ 2 <= 0000ffff
                 559@000030d8: $ 3 <= 00000000
                 565@000030e0: $ 1 <= ffff0000
                 567@000030e8: $ 1 <= ffff0000
                 569@000030ec: $ 2 <= 00000003
                 571@000030f0: $ 4 <= 00000000
                 577@000030f8: $ 1 <= ffff0000
                 579@00003100: $ 1 <= ffff0000
                 587@000030cc: $ 1 <= 7fff0000
                 589@000030d0: $ 1 <= 7fffffff
                 591@000030d4: $ 2 <= 0000ffff
                 593@000030d8: $ 3 <= 00000000
                 599@000030e0: $ 1 <= ffff0000
                 601@000030e8: $ 1 <= ffff0000
                 603@000030ec: $ 2 <= 00000003
                 605@000030f0: $ 4 <= 00000000
                 611@000030f8: $ 1 <= ffff0000
                 613@00003100: $ 1 <= ffff0000
                 621@000030cc: $ 1 <= 7fff0000
                 623@000030d0: $ 1 <= 7fffffff
                 625@000030d4: $ 2 <= 0000ffff
                 627@000030d8: $ 3 <= 00000000
                 633@000030e0: $ 1 <= ffff0000
                 635@000030e8: $ 1 <= ffff0000
                 637@000030ec: $ 2 <= 00000003
                 639@000030f0: $ 4 <= 00000000
                 645@000030f8: $ 1 <= ffff0000
                 647@00003100: $ 1 <= ffff0000
                 655@000030cc: $ 1 <= 7fff0000
                 657@000030d0: $ 1 <= 7fffffff
                 659@000030d4: $ 2 <= 0000ffff
                 661@000030d8: $ 3 <= 00000000
                 667@000030e0: $ 1 <= ffff0000
                 669@000030e8: $ 1 <= ffff0000
                 671@000030ec: $ 2 <= 00000003
                 673@000030f0: $ 4 <= 00000000
                 679@000030f8: $ 1 <= ffff0000
                 681@00003100: $ 1 <= ffff0000
                 689@000030cc: $ 1 <= 7fff0000
                 691@000030d0: $ 1 <= 7fffffff
                 693@000030d4: $ 2 <= 0000ffff
                 695@000030d8: $ 3 <= 00000000
                 701@000030e0: $ 1 <= ffff0000
                 703@000030e8: $ 1 <= ffff0000
                 705@000030ec: $ 2 <= 00000003
                 707@000030f0: $ 4 <= 00000000
                 713@000030f8: $ 1 <= ffff0000
                 715@00003100: $ 1 <= ffff0000
                 723@000030cc: $ 1 <= 7fff0000
                 725@000030d0: $ 1 <= 7fffffff
                 727@000030d4: $ 2 <= 0000ffff
                 729@000030d8: $ 3 <= 00000000
                 735@000030e0: $ 1 <= ffff0000
                 737@000030e8: $ 1 <= ffff0000
                 739@000030ec: $ 2 <= 00000003
                 741@000030f0: $ 4 <= 00000000
                 747@000030f8: $ 1 <= ffff0000
                 749@00003100: $ 1 <= ffff0000
                 757@000030cc: $ 1 <= 7fff0000
                 759@000030d0: $ 1 <= 7fffffff
                 761@000030d4: $ 2 <= 0000ffff
                 763@000030d8: $ 3 <= 00000000
                 769@000030e0: $ 1 <= ffff0000
                 771@000030e8: $ 1 <= ffff0000
                 773@000030ec: $ 2 <= 00000003
                 775@000030f0: $ 4 <= 00000000
                 781@000030f8: $ 1 <= ffff0000
                 783@00003100: $ 1 <= ffff0000
                 791@000030cc: $ 1 <= 7fff0000
                 793@000030d0: $ 1 <= 7fffffff
                 795@000030d4: $ 2 <= 0000ffff
                 797@000030d8: $ 3 <= 00000000
                 803@000030e0: $ 1 <= ffff0000
                 805@000030e8: $ 1 <= ffff0000
                 807@000030ec: $ 2 <= 00000003
                 809@000030f0: $ 4 <= 00000000
                 815@000030f8: $ 1 <= ffff0000
                 817@00003100: $ 1 <= ffff0000
                 825@000030cc: $ 1 <= 7fff0000
                 827@000030d0: $ 1 <= 7fffffff
                 829@000030d4: $ 2 <= 0000ffff
                 831@000030d8: $ 3 <= 00000000
                 837@000030e0: $ 1 <= ffff0000
                 839@000030e8: $ 1 <= ffff0000
                 841@000030ec: $ 2 <= 00000003
                 843@000030f0: $ 4 <= 00000000
                 849@000030f8: $ 1 <= ffff0000
                 851@00003100: $ 1 <= ffff0000
                 859@000030cc: $ 1 <= 7fff0000
                 861@000030d0: $ 1 <= 7fffffff
                 863@000030d4: $ 2 <= 0000ffff
                 865@000030d8: $ 3 <= 00000000
                 871@000030e0: $ 1 <= ffff0000
                 873@000030e8: $ 1 <= ffff0000
                 875@000030ec: $ 2 <= 00000003
                 877@000030f0: $ 4 <= 00000000
                 883@000030f8: $ 1 <= ffff0000
                 885@00003100: $ 1 <= ffff0000
                 893@000030cc: $ 1 <= 7fff0000
                 895@000030d0: $ 1 <= 7fffffff
                 897@000030d4: $ 2 <= 0000ffff
                 899@000030d8: $ 3 <= 00000000
                 905@000030e0: $ 1 <= ffff0000
                 907@000030e8: $ 1 <= ffff0000
                 909@000030ec: $ 2 <= 00000003
                 911@000030f0: $ 4 <= 00000000
                 917@000030f8: $ 1 <= ffff0000
                 919@00003100: $ 1 <= ffff0000
                 927@000030cc: $ 1 <= 7fff0000
                 929@000030d0: $ 1 <= 7fffffff
                 931@000030d4: $ 2 <= 0000ffff
                 933@000030d8: $ 3 <= 00000000
                 939@000030e0: $ 1 <= ffff0000
                 941@000030e8: $ 1 <= ffff0000
                 943@000030ec: $ 2 <= 00000003
                 945@000030f0: $ 4 <= 00000000
                 951@000030f8: $ 1 <= ffff0000
                 953@00003100: $ 1 <= ffff0000
                 961@000030cc: $ 1 <= 7fff0000
                 963@000030d0: $ 1 <= 7fffffff
                 965@000030d4: $ 2 <= 0000ffff
                 967@000030d8: $ 3 <= 00000000
                 973@000030e0: $ 1 <= ffff0000
                 975@000030e8: $ 1 <= ffff0000
                 977@000030ec: $ 2 <= 00000003
                 979@000030f0: $ 4 <= 00000000
                 985@000030f8: $ 1 <= ffff0000
                 987@00003100: $ 1 <= ffff0000
                 995@000030cc: $ 1 <= 7fff0000
                 997@000030d0: $ 1 <= 7fffffff
                 999@000030d4: $ 2 <= 0000ffff
ISim P.20131013 (signature 0x8ef4fb42)
WARNING: A WEBPACK license was found.
WARNING: Please use Xilinx License Configuration Manager to check out a full ISim license.
WARNING: ISim will run in Lite mode. Please refer to the ISim documentation for more information on the differences between the Lite and the Full version.
This is a Lite version of ISim.
WARNING:  For instance IFU/Instuctions_IPcore/, width 13 of formal port addra is not equal to width 32 of actual constant.
# run 1000 ns
Simulator is doing circuit initialization process.
 Block Memory Generator CORE Generator module loading initial data...
 Block Memory Generator data initialization complete.
Block Memory Generator CORE Generator module TB.uut.CPU.IFU.Instuctions_IPcore.inst.\native_mem_module.blk_mem_gen_v7_3_inst  is using a behavioral model for simulation which will not precisely model memory collision behavior.
Block Memory Generator CORE Generator module TB.uut.CPU.Mems_IPcore.inst.\native_mem_module.blk_mem_gen_v7_3_inst  is using a behavioral model for simulation which will not precisely model memory collision behavior.
Finished circuit initialization process.
                  23@00003000: $ 1 <= 7fff0000
                  25@00003004: $ 1 <= 7fff0000
                  27@00003008: $ 1 <= 7fffffff
                  29@0000300c: $ 2 <= 0000ffff
                  39@00004180: $ 3 <= 8000fffe
                  41@00004184: $ 1 <= 00000000
                  43@00004188: $ 2 <= 00000000
                  45@0000418c: $27 <= 00003010
                  47@00004190: $26 <= 00003000
                  65@00003014: $ 1 <= 7fff0000
                  67@00003018: $ 1 <= 7fffffff
                  69@0000301c: $ 2 <= 0000ffff
                  71@00003020: $ 3 <= 8000fffe
                  73@00003024: $ 1 <= 80000000
                  75@00003028: $ 2 <= 0000ffff
                  85@00004180: $ 3 <= ffff0000
                  87@00004184: $ 1 <= 00000000
                  89@00004188: $ 2 <= 00000000
                  91@0000418c: $27 <= 0000302c
                  93@00004190: $26 <= 00003000
                 111@00003030: $ 1 <= 80000000
                 113@00003034: $ 2 <= 0000ffff
                 115@00003038: $ 3 <= 7fff0001
                 117@0000303c: $ 3 <= ffff0000
                 119@00003040: $ 2 <= 00000003
                 131@00004184: $ 1 <= 00000000
                 133@00004188: $ 2 <= 00000000
                 135@0000418c: $27 <= 00003044
                 137@00004190: $26 <= 00003000
                 155@00003048: $ 2 <= 00007f08
                 167@00004184: $ 1 <= 00000000
                 169@00004188: $ 2 <= 00000000
                 171@0000418c: $27 <= 0000304c
                 173@00004190: $26 <= 00003000
                 191@00003050: $ 2 <= 00003004
                 203@00004184: $ 1 <= 00000000
                 205@00004188: $ 2 <= 00000000
                 207@0000418c: $27 <= 00003054
                 209@00004190: $26 <= 00003000
                 227@00003058: $ 2 <= 00000000
                 231@00003060: $ 3 <= ffff0000
                 235@00003068: $ 1 <= 00007f00
                 241@00003074: $ 2 <= 00000001
                 251@00004180: $ 3 <= 00000000
                 253@00004184: $ 1 <= 00000000
                 255@00004188: $ 2 <= 00000000
                 257@0000418c: $27 <= 00003078
                 259@00004190: $26 <= 00003000
                 277@0000307c: $ 1 <= 00007f00
                 279@00003080: $ 3 <= 00000000
                 281@00003084: $ 3 <= ffff0000
                 283@00003088: $ 3 <= 00000000
                 285@0000308c: $ 2 <= 00003008
                 295@00004180: $ 1 <= 7fff0000
                 297@00004184: $ 1 <= 00000000
                 299@00004188: $ 2 <= 00000000
                 301@0000418c: $27 <= 00003090
                 303@00004190: $26 <= 00003000
                 321@00003094: $ 1 <= 7fff0000
                 323@00003098: $ 1 <= 7ffffffc
                 333@00004180: $31 <= 00004188
                 335@00004184: $ 1 <= 00000000
                 337@000030b4: $ 2 <= 00000000
                 339@000030b8: $ 3 <= ffff0000
                 341@000030bc: $ 2 <= 00000003
                 343@000030c0: $31 <= 000030c8
                 349@000030cc: $ 1 <= 7fff0000
                 351@000030d0: $ 1 <= 7fffffff
                 353@000030d4: $ 2 <= 0000ffff
                 355@000030d8: $ 3 <= 00000000
                 361@000030e0: $ 1 <= ffff0000
                 363@000030e8: $ 1 <= ffff0000
                 365@000030ec: $ 2 <= 00000003
                 367@000030f0: $ 4 <= 00000000
                 373@000030f8: $ 1 <= ffff0000
                 375@00003100: $ 1 <= ffff0000
                 383@000030cc: $ 1 <= 7fff0000
                 385@000030d0: $ 1 <= 7fffffff
                 387@000030d4: $ 2 <= 0000ffff
                 389@000030d8: $ 3 <= 00000000
                 395@000030e0: $ 1 <= ffff0000
                 397@000030e8: $ 1 <= ffff0000
                 399@000030ec: $ 2 <= 00000003
                 401@000030f0: $ 4 <= 00000000
                 407@000030f8: $ 1 <= ffff0000
                 409@00003100: $ 1 <= ffff0000
                 417@000030cc: $ 1 <= 7fff0000
                 419@000030d0: $ 1 <= 7fffffff
                 421@000030d4: $ 2 <= 0000ffff
                 423@000030d8: $ 3 <= 00000000
                 429@000030e0: $ 1 <= ffff0000
                 431@000030e8: $ 1 <= ffff0000
                 433@000030ec: $ 2 <= 00000003
                 435@000030f0: $ 4 <= 00000000
                 441@000030f8: $ 1 <= ffff0000
                 443@00003100: $ 1 <= ffff0000
                 451@000030cc: $ 1 <= 7fff0000
                 453@000030d0: $ 1 <= 7fffffff
                 455@000030d4: $ 2 <= 0000ffff
                 457@000030d8: $ 3 <= 00000000
                 463@000030e0: $ 1 <= ffff0000
                 465@000030e8: $ 1 <= ffff0000
                 467@000030ec: $ 2 <= 00000003
                 469@000030f0: $ 4 <= 00000000
                 475@000030f8: $ 1 <= ffff0000
                 477@00003100: $ 1 <= ffff0000
                 485@000030cc: $ 1 <= 7fff0000
                 487@000030d0: $ 1 <= 7fffffff
                 489@000030d4: $ 2 <= 0000ffff
                 491@000030d8: $ 3 <= 00000000
                 497@000030e0: $ 1 <= ffff0000
                 499@000030e8: $ 1 <= ffff0000
                 501@000030ec: $ 2 <= 00000003
                 503@000030f0: $ 4 <= 00000000
                 509@000030f8: $ 1 <= ffff0000
                 511@00003100: $ 1 <= ffff0000
                 519@000030cc: $ 1 <= 7fff0000
                 521@000030d0: $ 1 <= 7fffffff
                 523@000030d4: $ 2 <= 0000ffff
                 525@000030d8: $ 3 <= 00000000
                 531@000030e0: $ 1 <= ffff0000
                 533@000030e8: $ 1 <= ffff0000
                 535@000030ec: $ 2 <= 00000003
                 537@000030f0: $ 4 <= 00000000
                 543@000030f8: $ 1 <= ffff0000
                 545@00003100: $ 1 <= ffff0000
                 553@000030cc: $ 1 <= 7fff0000
                 555@000030d0: $ 1 <= 7fffffff
                 557@000030d4: $ 2 <= 0000ffff
                 559@000030d8: $ 3 <= 00000000
                 565@000030e0: $ 1 <= ffff0000
                 567@000030e8: $ 1 <= ffff0000
                 569@000030ec: $ 2 <= 00000003
                 571@000030f0: $ 4 <= 00000000
                 577@000030f8: $ 1 <= ffff0000
                 579@00003100: $ 1 <= ffff0000
                 587@000030cc: $ 1 <= 7fff0000
                 589@000030d0: $ 1 <= 7fffffff
                 591@000030d4: $ 2 <= 0000ffff
                 593@000030d8: $ 3 <= 00000000
                 599@000030e0: $ 1 <= ffff0000
                 601@000030e8: $ 1 <= ffff0000
                 603@000030ec: $ 2 <= 00000003
                 605@000030f0: $ 4 <= 00000000
                 611@000030f8: $ 1 <= ffff0000
                 613@00003100: $ 1 <= ffff0000
                 621@000030cc: $ 1 <= 7fff0000
                 623@000030d0: $ 1 <= 7fffffff
                 625@000030d4: $ 2 <= 0000ffff
                 627@000030d8: $ 3 <= 00000000
                 633@000030e0: $ 1 <= ffff0000
                 635@000030e8: $ 1 <= ffff0000
                 637@000030ec: $ 2 <= 00000003
                 639@000030f0: $ 4 <= 00000000
                 645@000030f8: $ 1 <= ffff0000
                 647@00003100: $ 1 <= ffff0000
                 655@000030cc: $ 1 <= 7fff0000
                 657@000030d0: $ 1 <= 7fffffff
                 659@000030d4: $ 2 <= 0000ffff
                 661@000030d8: $ 3 <= 00000000
                 667@000030e0: $ 1 <= ffff0000
                 669@000030e8: $ 1 <= ffff0000
                 671@000030ec: $ 2 <= 00000003
                 673@000030f0: $ 4 <= 00000000
                 679@000030f8: $ 1 <= ffff0000
                 681@00003100: $ 1 <= ffff0000
                 689@000030cc: $ 1 <= 7fff0000
                 691@000030d0: $ 1 <= 7fffffff
                 693@000030d4: $ 2 <= 0000ffff
                 695@000030d8: $ 3 <= 00000000
                 701@000030e0: $ 1 <= ffff0000
                 703@000030e8: $ 1 <= ffff0000
                 705@000030ec: $ 2 <= 00000003
                 707@000030f0: $ 4 <= 00000000
                 713@000030f8: $ 1 <= ffff0000
                 715@00003100: $ 1 <= ffff0000
                 723@000030cc: $ 1 <= 7fff0000
                 725@000030d0: $ 1 <= 7fffffff
                 727@000030d4: $ 2 <= 0000ffff
                 729@000030d8: $ 3 <= 00000000
                 735@000030e0: $ 1 <= ffff0000
                 737@000030e8: $ 1 <= ffff0000
                 739@000030ec: $ 2 <= 00000003
                 741@000030f0: $ 4 <= 00000000
                 747@000030f8: $ 1 <= ffff0000
                 749@00003100: $ 1 <= ffff0000
                 757@000030cc: $ 1 <= 7fff0000
                 759@000030d0: $ 1 <= 7fffffff
                 761@000030d4: $ 2 <= 0000ffff
                 763@000030d8: $ 3 <= 00000000
                 769@000030e0: $ 1 <= ffff0000
                 771@000030e8: $ 1 <= ffff0000
                 773@000030ec: $ 2 <= 00000003
                 775@000030f0: $ 4 <= 00000000
                 781@000030f8: $ 1 <= ffff0000
                 783@00003100: $ 1 <= ffff0000
                 791@000030cc: $ 1 <= 7fff0000
                 793@000030d0: $ 1 <= 7fffffff
                 795@000030d4: $ 2 <= 0000ffff
                 797@000030d8: $ 3 <= 00000000
                 803@000030e0: $ 1 <= ffff0000
                 805@000030e8: $ 1 <= ffff0000
                 807@000030ec: $ 2 <= 00000003
                 809@000030f0: $ 4 <= 00000000
                 815@000030f8: $ 1 <= ffff0000
                 817@00003100: $ 1 <= ffff0000
                 825@000030cc: $ 1 <= 7fff0000
                 827@000030d0: $ 1 <= 7fffffff
                 829@000030d4: $ 2 <= 0000ffff
                 831@000030d8: $ 3 <= 00000000
                 837@000030e0: $ 1 <= ffff0000
                 839@000030e8: $ 1 <= ffff0000
                 841@000030ec: $ 2 <= 00000003
                 843@000030f0: $ 4 <= 00000000
                 849@000030f8: $ 1 <= ffff0000
                 851@00003100: $ 1 <= ffff0000
                 859@000030cc: $ 1 <= 7fff0000
                 861@000030d0: $ 1 <= 7fffffff
                 863@000030d4: $ 2 <= 0000ffff
                 865@000030d8: $ 3 <= 00000000
                 871@000030e0: $ 1 <= ffff0000
                 873@000030e8: $ 1 <= ffff0000
                 875@000030ec: $ 2 <= 00000003
                 877@000030f0: $ 4 <= 00000000
                 883@000030f8: $ 1 <= ffff0000
                 885@00003100: $ 1 <= ffff0000
                 893@000030cc: $ 1 <= 7fff0000
                 895@000030d0: $ 1 <= 7fffffff
                 897@000030d4: $ 2 <= 0000ffff
                 899@000030d8: $ 3 <= 00000000
                 905@000030e0: $ 1 <= ffff0000
                 907@000030e8: $ 1 <= ffff0000
                 909@000030ec: $ 2 <= 00000003
                 911@000030f0: $ 4 <= 00000000
                 917@000030f8: $ 1 <= ffff0000
                 919@00003100: $ 1 <= ffff0000
                 927@000030cc: $ 1 <= 7fff0000
                 929@000030d0: $ 1 <= 7fffffff
                 931@000030d4: $ 2 <= 0000ffff
                 933@000030d8: $ 3 <= 00000000
                 939@000030e0: $ 1 <= ffff0000
                 941@000030e8: $ 1 <= ffff0000
                 943@000030ec: $ 2 <= 00000003
                 945@000030f0: $ 4 <= 00000000
                 951@000030f8: $ 1 <= ffff0000
                 953@00003100: $ 1 <= ffff0000
                 961@000030cc: $ 1 <= 7fff0000
                 963@000030d0: $ 1 <= 7fffffff
                 965@000030d4: $ 2 <= 0000ffff
                 967@000030d8: $ 3 <= 00000000
                 973@000030e0: $ 1 <= ffff0000
                 975@000030e8: $ 1 <= ffff0000
                 977@000030ec: $ 2 <= 00000003
                 979@000030f0: $ 4 <= 00000000
                 985@000030f8: $ 1 <= ffff0000
                 987@00003100: $ 1 <= ffff0000
                 995@000030cc: $ 1 <= 7fff0000
                 997@000030d0: $ 1 <= 7fffffff
                 999@000030d4: $ 2 <= 0000ffff
ISim P.20131013 (signature 0x8ef4fb42)
WARNING: A WEBPACK license was found.
WARNING: Please use Xilinx License Configuration Manager to check out a full ISim license.
WARNING: ISim will run in Lite mode. Please refer to the ISim documentation for more information on the differences between the Lite and the Full version.
This is a Lite version of ISim.
WARNING:  For instance IFU/Instuctions_IPcore/, width 13 of formal port addra is not equal to width 32 of actual constant.
# run 1000 ns
Simulator is doing circuit initialization process.
 Block Memory Generator CORE Generator module loading initial data...
 Block Memory Generator data initialization complete.
Block Memory Generator CORE Generator module TB.uut.CPU.IFU.Instuctions_IPcore.inst.\native_mem_module.blk_mem_gen_v7_3_inst  is using a behavioral model for simulation which will not precisely model memory collision behavior.
Block Memory Generator CORE Generator module TB.uut.CPU.Mems_IPcore.inst.\native_mem_module.blk_mem_gen_v7_3_inst  is using a behavioral model for simulation which will not precisely model memory collision behavior.
Finished circuit initialization process.
                  23@00003000: $ 1 <= 7fff0000
                  25@00003004: $ 1 <= 7fffffff
                  27@00003008: $ 2 <= 0000ffff
                  37@00004180: $ 1 <= 00000000
                  39@00004184: $ 2 <= 00000000
                  41@00004188: $27 <= 0000300c
                  43@0000418c: $26 <= 00003000
                  49@00004194: $26 <= 00003108
                  61@0000300c: $ 3 <= 00000000
                  63@00003010: $ 1 <= 7fff0000
                  65@00003014: $ 1 <= 7fffffff
                  67@00003018: $ 2 <= 0000ffff
                  69@0000301c: $ 3 <= 8000fffe
                  71@00003020: $ 1 <= 80000000
                  73@00003024: $ 2 <= 0000ffff
                  83@00004180: $ 1 <= 00000000
                  85@00004184: $ 2 <= 00000000
                  87@00004188: $27 <= 00003028
                  89@0000418c: $26 <= 00003000
                  95@00004194: $26 <= 00003108
                 107@00003028: $ 3 <= 00000000
                 109@0000302c: $ 1 <= 80000000
                 111@00003030: $ 2 <= 0000ffff
                 113@00003034: $ 3 <= 7fff0001
                 115@00003038: $ 3 <= ffff0000
                 117@0000303c: $ 2 <= 00000003
                 127@00004180: $ 1 <= 00000000
                 129@00004184: $ 2 <= 00000000
                 131@00004188: $27 <= 00003040
                 133@0000418c: $26 <= 00003000
                 139@00004194: $26 <= 00003108
                 153@00003044: $ 2 <= 00007f08
                 163@00004180: $ 1 <= 00000000
                 165@00004184: $ 2 <= 00000000
                 167@00004188: $27 <= 00003048
                 169@0000418c: $26 <= 00003000
                 175@00004194: $26 <= 00003108
                 189@0000304c: $ 2 <= 00003004
                 199@00004180: $ 1 <= 00000000
                 201@00004184: $ 2 <= 00000000
                 203@00004188: $27 <= 00003050
                 205@0000418c: $26 <= 00003000
                 211@00004194: $26 <= 00003108
                 225@00003054: $ 2 <= 00000000
                 229@0000305c: $ 3 <= ffff0000
                 233@00003064: $ 1 <= 00007f00
                 239@00003070: $ 2 <= 00000001
                 249@00004180: $ 1 <= 00000000
                 251@00004184: $ 2 <= 00000000
                 253@00004188: $27 <= 00003074
                 255@0000418c: $26 <= 00003000
                 261@00004194: $26 <= 00003108
                 273@00003074: $ 3 <= ffff0000
                 275@00003078: $ 1 <= 00007f00
                 277@0000307c: $ 3 <= 00000000
                 279@00003080: $ 3 <= ffff0000
                 281@00003084: $ 3 <= 00000000
                 283@00003088: $ 2 <= 00003008
                 293@00004180: $ 1 <= 00000000
                 295@00004184: $ 2 <= 00000000
                 297@00004188: $27 <= 0000308c
                 299@0000418c: $26 <= 00003000
                 305@00004194: $26 <= 00003108
                 317@0000308c: $ 3 <= ffff0000
                 319@00003090: $ 1 <= 7fff0000
                 321@00003094: $ 1 <= 7ffffffc
                 331@00004180: $ 1 <= 00000000
                 333@00004184: $ 2 <= 00000000
                 335@00004188: $27 <= 00003098
                 337@0000418c: $26 <= 00003000
                 343@00004194: $26 <= 00003108
                 355@00003098: $ 3 <= 00000000
                 357@0000309c: $ 1 <= 7fff0000
                 359@000030a0: $ 1 <= 7fffffff
                 361@000030a4: $ 2 <= 0000ffff
                 363@000030a8: $31 <= 000030b0
                 373@00004180: $ 1 <= 00000000
                 375@00004184: $ 2 <= 00000000
                 377@00004188: $27 <= 000030a8
                 379@0000418c: $26 <= 00003000
                 385@00004194: $26 <= 00003108
                 397@000030a8: $31 <= 000030b0
                 399@000030ac: $ 3 <= 00000000
                 401@000030b4: $ 3 <= ffff0000
                 403@000030b8: $ 2 <= 00000003
                 405@000030bc: $31 <= 000030c4
                 415@00004180: $ 1 <= 00000000
                 417@00004184: $ 2 <= 00000000
                 419@00004188: $27 <= 000030bc
                 421@0000418c: $26 <= 00003000
                 427@00004194: $26 <= 00003108
                 439@000030bc: $31 <= 000030c4
                 443@000030c8: $ 1 <= 7fff0000
                 445@000030cc: $ 1 <= 7fffffff
                 447@000030d0: $ 2 <= 0000ffff
                 449@000030d4: $ 3 <= 00000000
                 463@00004180: $ 1 <= 00000000
                 465@00004184: $ 2 <= 00000000
                 467@00004188: $27 <= 000030d8
                 469@0000418c: $26 <= 00003000
                 475@00004194: $26 <= 00003108
                 489@000030dc: $ 4 <= 00000000
                 491@000030e4: $ 3 <= ffff0000
                 493@000030e8: $ 2 <= 00000003
                 495@000030ec: $ 4 <= 00000000
                 509@00004180: $ 1 <= 00000000
                 511@00004184: $ 2 <= 00000000
                 513@00004188: $27 <= 000030f0
                 515@0000418c: $26 <= 00003000
                 521@00004194: $26 <= 00003108
                 537@000030fc: $31 <= 00003003
                 553@00004180: $ 1 <= 00000000
                 555@00004184: $ 2 <= 00000000
                 557@00004188: $27 <= 00003000
                 559@0000418c: $26 <= 00003000
                 565@00004194: $26 <= 00003108
                 567@000041a4: $31 <= 00003104
                 585@00004180: $ 1 <= 00000000
                 587@00004184: $ 2 <= 00000000
                 589@00004188: $27 <= 00003108
                 591@0000418c: $26 <= 00003000
                 597@00004194: $26 <= 00003108
                 605@000041b0: $31 <= 0000310c
