Release 14.7 - xst P.20131013 (nt)
Copyright (c) 1995-2013 Xilinx, Inc.  All rights reserved.
--> Parameter TMPDIR set to xst/projnav.tmp


Total REAL time to Xst completion: 1.00 secs
Total CPU time to Xst completion: 0.36 secs
 
--> Parameter xsthdpdir set to xst


Total REAL time to Xst completion: 1.00 secs
Total CPU time to Xst completion: 0.36 secs
 
--> Reading design: TB.prj

TABLE OF CONTENTS
  1) Synthesis Options Summary
  2) HDL Parsing
  3) HDL Elaboration
  4) HDL Synthesis
       4.1) HDL Synthesis Report
  5) Advanced HDL Synthesis
       5.1) Advanced HDL Synthesis Report
  6) Low Level Synthesis
  7) Partition Report
  8) Design Summary
       8.1) Primitive and Black Box Usage
       8.2) Device utilization summary
       8.3) Partition Resource Summary
       8.4) Timing Report
            8.4.1) Clock Information
            8.4.2) Asynchronous Control Signals Information
            8.4.3) Timing Summary
            8.4.4) Timing Details
            8.4.5) Cross Clock Domains Report


=========================================================================
*                      Synthesis Options Summary                        *
=========================================================================
---- Source Parameters
Input File Name                    : "TB.prj"
Ignore Synthesis Constraint File   : NO

---- Target Parameters
Output File Name                   : "TB"
Output Format                      : NGC
Target Device                      : xc6slx100-2-fgg676

---- Source Options
Top Module Name                    : TB
Automatic FSM Extraction           : YES
FSM Encoding Algorithm             : Auto
Safe Implementation                : No
FSM Style                          : LUT
RAM Extraction                     : Yes
RAM Style                          : Auto
ROM Extraction                     : Yes
Shift Register Extraction          : YES
ROM Style                          : Auto
Resource Sharing                   : YES
Asynchronous To Synchronous        : NO
Shift Register Minimum Size        : 2
Use DSP Block                      : Auto
Automatic Register Balancing       : No

---- Target Options
LUT Combining                      : Auto
Reduce Control Sets                : Auto
Add IO Buffers                     : YES
Global Maximum Fanout              : 100000
Add Generic Clock Buffer(BUFG)     : 16
Register Duplication               : YES
Optimize Instantiated Primitives   : NO
Use Clock Enable                   : Auto
Use Synchronous Set                : Auto
Use Synchronous Reset              : Auto
Pack IO Registers into IOBs        : Auto
Equivalent register Removal        : YES

---- General Options
Optimization Goal                  : Speed
Optimization Effort                : 1
Power Reduction                    : NO
Keep Hierarchy                     : No
Netlist Hierarchy                  : As_Optimized
RTL Output                         : Yes
Global Optimization                : AllClockNets
Read Cores                         : YES
Write Timing Constraints           : NO
Cross Clock Analysis               : NO
Hierarchy Separator                : /
Bus Delimiter                      : <>
Case Specifier                     : Maintain
Slice Utilization Ratio            : 100
BRAM Utilization Ratio             : 100
DSP48 Utilization Ratio            : 100
Auto BRAM Packing                  : NO
Slice Utilization Ratio Delta      : 5

=========================================================================


=========================================================================
*                          HDL Parsing                                  *
=========================================================================
Analyzing Verilog file "D:\BUAA\CS\ComputerOrgan\ISE\P8\Res_Translator.v" into library work
Parsing module <Res_Translator>.
Analyzing Verilog file "D:\BUAA\CS\ComputerOrgan\ISE\P8\NextPC.v" into library work
Parsing module <NextPC>.
Analyzing Verilog file "D:\BUAA\CS\ComputerOrgan\ISE\P8\Timer.v" into library work
Parsing module <Timer>.
Analyzing Verilog file "D:\BUAA\CS\ComputerOrgan\ISE\P8\Stall_Detector.v" into library work
Parsing module <Stall_Detector>.
Analyzing Verilog file "D:\BUAA\CS\ComputerOrgan\ISE\P8\MEMWB.v" into library work
Parsing module <MEMWB>.
Analyzing Verilog file "D:\BUAA\CS\ComputerOrgan\ISE\P8\MemCoder.v" into library work
Parsing module <MemCoder>.
Analyzing Verilog file "D:\BUAA\CS\ComputerOrgan\ISE\P8\Instruction_Fetcher.v" into library work
Parsing module <Instruction_Fetcher>.
Analyzing Verilog file "D:\BUAA\CS\ComputerOrgan\ISE\P8\ImmCalc.v" into library work
Parsing module <ImmCalc>.
Analyzing Verilog file "D:\BUAA\CS\ComputerOrgan\ISE\P8\IFID.v" into library work
Parsing module <IFID>.
Analyzing Verilog file "D:\BUAA\CS\ComputerOrgan\ISE\P8\IDEX.v" into library work
Parsing module <IDEX>.
Analyzing Verilog file "D:\BUAA\CS\ComputerOrgan\ISE\P8\GRF.v" into library work
Parsing module <GRF>.
Analyzing Verilog file "D:\BUAA\CS\ComputerOrgan\ISE\P8\Forward_Controller.v" into library work
Parsing module <Forward_Controller>.
Analyzing Verilog file "D:\BUAA\CS\ComputerOrgan\ISE\P8\EXMEM.v" into library work
Parsing module <EXMEM>.
Analyzing Verilog file "D:\BUAA\CS\ComputerOrgan\ISE\P8\DataMemory.v" into library work
Parsing module <DataMemory>.
Analyzing Verilog file "D:\BUAA\CS\ComputerOrgan\ISE\P8\CP0.v" into library work
Parsing module <CP0>.
Analyzing Verilog file "D:\BUAA\CS\ComputerOrgan\ISE\P8\Controller.v" into library work
Parsing verilog file "Instructions.v" included at line 2.
Parsing module <Instructions>.
Parsing module <Controller>.
Analyzing Verilog file "D:\BUAA\CS\ComputerOrgan\ISE\P8\CMP.v" into library work
Parsing module <CMP>.
Analyzing Verilog file "D:\BUAA\CS\ComputerOrgan\ISE\P8\ALU.v" into library work
Parsing module <ALU>.
Analyzing Verilog file "D:\BUAA\CS\ComputerOrgan\ISE\P8\CPU.v" into library work
Parsing module <CPU>.
Analyzing Verilog file "D:\BUAA\CS\ComputerOrgan\ISE\P8\Bridge.v" into library work
Parsing module <Bridge>.
Analyzing Verilog file "D:\BUAA\CS\ComputerOrgan\ISE\P8\mips.v" into library work
Parsing module <mips>.
Analyzing Verilog file "D:\BUAA\CS\ComputerOrgan\ISE\P8\TB.v" into library work
Parsing module <TB>.

=========================================================================
*                            HDL Elaboration                            *
=========================================================================

Elaborating module <TB>.
WARNING:HDLCompiler:872 - "D:\BUAA\CS\ComputerOrgan\ISE\P8\TB.v" Line 37: Using initial value of reset since it is never assigned

Elaborating module <mips>.

Elaborating module <CPU>.

Elaborating module <Instruction_Fetcher>.
Reading initialization file \"code.txt\".
WARNING:HDLCompiler:1670 - "D:\BUAA\CS\ComputerOrgan\ISE\P8\Instruction_Fetcher.v" Line 31: Signal <InstrMemory> in initial block is partially initialized.
Reading initialization file \"code_handler.txt\".
WARNING:HDLCompiler:1670 - "D:\BUAA\CS\ComputerOrgan\ISE\P8\Instruction_Fetcher.v" Line 32: Signal <InstrMemory> in initial block is partially initialized.

Elaborating module <NextPC>.

Elaborating module <IFID>.

Elaborating module <Controller>.

Elaborating module <ImmCalc>.

Elaborating module <GRF>.
"D:\BUAA\CS\ComputerOrgan\ISE\P8\GRF.v" Line 39. $display  32'b................................ 5'b..... 32'b................................

Elaborating module <CMP>.

Elaborating module <IDEX>.

Elaborating module <ALU>.

Elaborating module <EXMEM>.

Elaborating module <MemCoder>.

Elaborating module <DataMemory>.
"D:\BUAA\CS\ComputerOrgan\ISE\P8\DataMemory.v" Line 90. $display  32'b................................ 32'b................................ 32'b................................
"D:\BUAA\CS\ComputerOrgan\ISE\P8\DataMemory.v" Line 94. $display  32'b................................ 32'b..............................00 32'b................................
"D:\BUAA\CS\ComputerOrgan\ISE\P8\DataMemory.v" Line 98. $display  32'b................................ 32'b..............................00 32'b................................
"D:\BUAA\CS\ComputerOrgan\ISE\P8\DataMemory.v" Line 104. $display  32'b................................ 32'b..............................00 32'b................................
"D:\BUAA\CS\ComputerOrgan\ISE\P8\DataMemory.v" Line 108. $display  32'b................................ 32'b..............................00 32'b................................
"D:\BUAA\CS\ComputerOrgan\ISE\P8\DataMemory.v" Line 112. $display  32'b................................ 32'b..............................00 32'b................................
"D:\BUAA\CS\ComputerOrgan\ISE\P8\DataMemory.v" Line 116. $display  32'b................................ 32'b..............................00 32'b................................

Elaborating module <CP0>.

Elaborating module <MEMWB>.

Elaborating module <Forward_Controller>.

Elaborating module <Res_Translator>.

Elaborating module <Stall_Detector>.
WARNING:HDLCompiler:1127 - "D:\BUAA\CS\ComputerOrgan\ISE\P8\Stall_Detector.v" Line 118: Assignment to Res_MEMWB ignored, since the identifier is never used

Elaborating module <Bridge>.

Elaborating module <Timer>.
WARNING:Xst:2972 - "D:\BUAA\CS\ComputerOrgan\ISE\P8\mips.v" line 12. All outputs of instance <CPU> of block <CPU> are unconnected in block <mips>. Underlying logic will be removed.
WARNING:Xst:2972 - "D:\BUAA\CS\ComputerOrgan\ISE\P8\mips.v" line 16. All outputs of instance <Bridge> of block <Bridge> are unconnected in block <mips>. Underlying logic will be removed.
WARNING:Xst:2972 - "D:\BUAA\CS\ComputerOrgan\ISE\P8\TB.v" line 32. All outputs of instance <uut> of block <mips> are unconnected in block <TB>. Underlying logic will be removed.

=========================================================================
*                           HDL Synthesis                               *
=========================================================================

Synthesizing Unit <TB>.
    Related source file is "D:\BUAA\CS\ComputerOrgan\ISE\P8\TB.v".
    Summary:
	no macro.
Unit <TB> synthesized.

Synthesizing Unit <Instruction_Fetcher>.
    Related source file is "D:\BUAA\CS\ComputerOrgan\ISE\P8\Instruction_Fetcher.v".
WARNING:Xst:2999 - Signal 'InstrMemory', unconnected in block 'Instruction_Fetcher', is tied to its initial value.
    Found 4096x32-bit single-port Read Only RAM <Mram_InstrMemory> for signal <InstrMemory>.
    Found 1-bit register for signal <PC_counter<31>>.
    Found 1-bit register for signal <PC_counter<30>>.
    Found 1-bit register for signal <PC_counter<29>>.
    Found 1-bit register for signal <PC_counter<28>>.
    Found 1-bit register for signal <PC_counter<27>>.
    Found 1-bit register for signal <PC_counter<26>>.
    Found 1-bit register for signal <PC_counter<25>>.
    Found 1-bit register for signal <PC_counter<24>>.
    Found 1-bit register for signal <PC_counter<23>>.
    Found 1-bit register for signal <PC_counter<22>>.
    Found 1-bit register for signal <PC_counter<21>>.
    Found 1-bit register for signal <PC_counter<20>>.
    Found 1-bit register for signal <PC_counter<19>>.
    Found 1-bit register for signal <PC_counter<18>>.
    Found 1-bit register for signal <PC_counter<17>>.
    Found 1-bit register for signal <PC_counter<16>>.
    Found 1-bit register for signal <PC_counter<15>>.
    Found 1-bit register for signal <PC_counter<14>>.
    Found 1-bit register for signal <PC_counter<13>>.
    Found 1-bit register for signal <PC_counter<12>>.
    Found 1-bit register for signal <PC_counter<11>>.
    Found 1-bit register for signal <PC_counter<10>>.
    Found 1-bit register for signal <PC_counter<9>>.
    Found 1-bit register for signal <PC_counter<8>>.
    Found 1-bit register for signal <PC_counter<7>>.
    Found 1-bit register for signal <PC_counter<6>>.
    Found 1-bit register for signal <PC_counter<5>>.
    Found 1-bit register for signal <PC_counter<4>>.
    Found 1-bit register for signal <PC_counter<3>>.
    Found 1-bit register for signal <PC_counter<2>>.
    Found 1-bit register for signal <PC_counter<1>>.
    Found 1-bit register for signal <PC_counter<0>>.
    Summary:
	inferred   1 RAM(s).
	inferred  32 D-type flip-flop(s).
Unit <Instruction_Fetcher> synthesized.

Synthesizing Unit <NextPC>.
    Related source file is "D:\BUAA\CS\ComputerOrgan\ISE\P8\NextPC.v".
WARNING:Xst:647 - Input <imm32<31:30>> is never used. This port will be preserved and left unconnected if it belongs to a top-level block or it belongs to a sub-block and the hierarchy of this sub-block is preserved.
    Found 32-bit adder for signal <PCplus4> created at line 13.
    Found 32-bit adder for signal <PCplus4[31]_imm32[29]_add_3_OUT[31:0]> created at line 19.
    Found 32-bit 4-to-1 multiplexer for signal <newPC> created at line 3.
    Summary:
	inferred   2 Adder/Subtractor(s).
	inferred   1 Multiplexer(s).
Unit <NextPC> synthesized.

Synthesizing Unit <IFID>.
    Related source file is "D:\BUAA\CS\ComputerOrgan\ISE\P8\IFID.v".
    Found 1-bit register for signal <PCp4<31>>.
    Found 1-bit register for signal <PCp4<30>>.
    Found 1-bit register for signal <PCp4<29>>.
    Found 1-bit register for signal <PCp4<28>>.
    Found 1-bit register for signal <PCp4<27>>.
    Found 1-bit register for signal <PCp4<26>>.
    Found 1-bit register for signal <PCp4<25>>.
    Found 1-bit register for signal <PCp4<24>>.
    Found 1-bit register for signal <PCp4<23>>.
    Found 1-bit register for signal <PCp4<22>>.
    Found 1-bit register for signal <PCp4<21>>.
    Found 1-bit register for signal <PCp4<20>>.
    Found 1-bit register for signal <PCp4<19>>.
    Found 1-bit register for signal <PCp4<18>>.
    Found 1-bit register for signal <PCp4<17>>.
    Found 1-bit register for signal <PCp4<16>>.
    Found 1-bit register for signal <PCp4<15>>.
    Found 1-bit register for signal <PCp4<14>>.
    Found 1-bit register for signal <PCp4<13>>.
    Found 1-bit register for signal <PCp4<12>>.
    Found 1-bit register for signal <PCp4<11>>.
    Found 1-bit register for signal <PCp4<10>>.
    Found 1-bit register for signal <PCp4<9>>.
    Found 1-bit register for signal <PCp4<8>>.
    Found 1-bit register for signal <PCp4<7>>.
    Found 1-bit register for signal <PCp4<6>>.
    Found 1-bit register for signal <PCp4<5>>.
    Found 1-bit register for signal <PCp4<4>>.
    Found 1-bit register for signal <PCp4<3>>.
    Found 1-bit register for signal <PCp4<2>>.
    Found 1-bit register for signal <PCp4<1>>.
    Found 1-bit register for signal <PCp4<0>>.
    Found 1-bit register for signal <X<4>>.
    Found 1-bit register for signal <X<3>>.
    Found 1-bit register for signal <X<2>>.
    Found 1-bit register for signal <X<1>>.
    Found 1-bit register for signal <X<0>>.
    Found 1-bit register for signal <IR<31>>.
    Found 1-bit register for signal <IR<30>>.
    Found 1-bit register for signal <IR<29>>.
    Found 1-bit register for signal <IR<28>>.
    Found 1-bit register for signal <IR<27>>.
    Found 1-bit register for signal <IR<26>>.
    Found 1-bit register for signal <IR<25>>.
    Found 1-bit register for signal <IR<24>>.
    Found 1-bit register for signal <IR<23>>.
    Found 1-bit register for signal <IR<22>>.
    Found 1-bit register for signal <IR<21>>.
    Found 1-bit register for signal <IR<20>>.
    Found 1-bit register for signal <IR<19>>.
    Found 1-bit register for signal <IR<18>>.
    Found 1-bit register for signal <IR<17>>.
    Found 1-bit register for signal <IR<16>>.
    Found 1-bit register for signal <IR<15>>.
    Found 1-bit register for signal <IR<14>>.
    Found 1-bit register for signal <IR<13>>.
    Found 1-bit register for signal <IR<12>>.
    Found 1-bit register for signal <IR<11>>.
    Found 1-bit register for signal <IR<10>>.
    Found 1-bit register for signal <IR<9>>.
    Found 1-bit register for signal <IR<8>>.
    Found 1-bit register for signal <IR<7>>.
    Found 1-bit register for signal <IR<6>>.
    Found 1-bit register for signal <IR<5>>.
    Found 1-bit register for signal <IR<4>>.
    Found 1-bit register for signal <IR<3>>.
    Found 1-bit register for signal <IR<2>>.
    Found 1-bit register for signal <IR<1>>.
    Found 1-bit register for signal <IR<0>>.
    Summary:
	inferred  69 D-type flip-flop(s).
Unit <IFID> synthesized.

Synthesizing Unit <Controller>.
    Related source file is "D:\BUAA\CS\ComputerOrgan\ISE\P8\Controller.v".
    Summary:
	no macro.
Unit <Controller> synthesized.

Synthesizing Unit <ImmCalc>.
    Related source file is "D:\BUAA\CS\ComputerOrgan\ISE\P8\ImmCalc.v".
    Summary:
	no macro.
Unit <ImmCalc> synthesized.

Synthesizing Unit <GRF>.
    Related source file is "D:\BUAA\CS\ComputerOrgan\ISE\P8\GRF.v".
WARNING:Xst:647 - Input <PCnow> is never used. This port will be preserved and left unconnected if it belongs to a top-level block or it belongs to a sub-block and the hierarchy of this sub-block is preserved.
    Found 1-bit register for signal <GRF_0<1023>>.
    Found 1-bit register for signal <GRF_0<1022>>.
    Found 1-bit register for signal <GRF_0<1021>>.
    Found 1-bit register for signal <GRF_0<1020>>.
    Found 1-bit register for signal <GRF_0<1019>>.
    Found 1-bit register for signal <GRF_0<1018>>.
    Found 1-bit register for signal <GRF_0<1017>>.
    Found 1-bit register for signal <GRF_0<1016>>.
    Found 1-bit register for signal <GRF_0<1015>>.
    Found 1-bit register for signal <GRF_0<1014>>.
    Found 1-bit register for signal <GRF_0<1013>>.
    Found 1-bit register for signal <GRF_0<1012>>.
    Found 1-bit register for signal <GRF_0<1011>>.
    Found 1-bit register for signal <GRF_0<1010>>.
    Found 1-bit register for signal <GRF_0<1009>>.
    Found 1-bit register for signal <GRF_0<1008>>.
    Found 1-bit register for signal <GRF_0<1007>>.
    Found 1-bit register for signal <GRF_0<1006>>.
    Found 1-bit register for signal <GRF_0<1005>>.
    Found 1-bit register for signal <GRF_0<1004>>.
    Found 1-bit register for signal <GRF_0<1003>>.
    Found 1-bit register for signal <GRF_0<1002>>.
    Found 1-bit register for signal <GRF_0<1001>>.
    Found 1-bit register for signal <GRF_0<1000>>.
    Found 1-bit register for signal <GRF_0<999>>.
    Found 1-bit register for signal <GRF_0<998>>.
    Found 1-bit register for signal <GRF_0<997>>.
    Found 1-bit register for signal <GRF_0<996>>.
    Found 1-bit register for signal <GRF_0<995>>.
    Found 1-bit register for signal <GRF_0<994>>.
    Found 1-bit register for signal <GRF_0<993>>.
    Found 1-bit register for signal <GRF_0<992>>.
    Found 1-bit register for signal <GRF_0<991>>.
    Found 1-bit register for signal <GRF_0<990>>.
    Found 1-bit register for signal <GRF_0<989>>.
    Found 1-bit register for signal <GRF_0<988>>.
    Found 1-bit register for signal <GRF_0<987>>.
    Found 1-bit register for signal <GRF_0<986>>.
    Found 1-bit register for signal <GRF_0<985>>.
    Found 1-bit register for signal <GRF_0<984>>.
    Found 1-bit register for signal <GRF_0<983>>.
    Found 1-bit register for signal <GRF_0<982>>.
    Found 1-bit register for signal <GRF_0<981>>.
    Found 1-bit register for signal <GRF_0<980>>.
    Found 1-bit register for signal <GRF_0<979>>.
    Found 1-bit register for signal <GRF_0<978>>.
    Found 1-bit register for signal <GRF_0<977>>.
    Found 1-bit register for signal <GRF_0<976>>.
    Found 1-bit register for signal <GRF_0<975>>.
    Found 1-bit register for signal <GRF_0<974>>.
    Found 1-bit register for signal <GRF_0<973>>.
    Found 1-bit register for signal <GRF_0<972>>.
    Found 1-bit register for signal <GRF_0<971>>.
    Found 1-bit register for signal <GRF_0<970>>.
    Found 1-bit register for signal <GRF_0<969>>.
    Found 1-bit register for signal <GRF_0<968>>.
    Found 1-bit register for signal <GRF_0<967>>.
    Found 1-bit register for signal <GRF_0<966>>.
    Found 1-bit register for signal <GRF_0<965>>.
    Found 1-bit register for signal <GRF_0<964>>.
    Found 1-bit register for signal <GRF_0<963>>.
    Found 1-bit register for signal <GRF_0<962>>.
    Found 1-bit register for signal <GRF_0<961>>.
    Found 1-bit register for signal <GRF_0<960>>.
    Found 1-bit register for signal <GRF_0<959>>.
    Found 1-bit register for signal <GRF_0<958>>.
    Found 1-bit register for signal <GRF_0<957>>.
    Found 1-bit register for signal <GRF_0<956>>.
    Found 1-bit register for signal <GRF_0<955>>.
    Found 1-bit register for signal <GRF_0<954>>.
    Found 1-bit register for signal <GRF_0<953>>.
    Found 1-bit register for signal <GRF_0<952>>.
    Found 1-bit register for signal <GRF_0<951>>.
    Found 1-bit register for signal <GRF_0<950>>.
    Found 1-bit register for signal <GRF_0<949>>.
    Found 1-bit register for signal <GRF_0<948>>.
    Found 1-bit register for signal <GRF_0<947>>.
    Found 1-bit register for signal <GRF_0<946>>.
    Found 1-bit register for signal <GRF_0<945>>.
    Found 1-bit register for signal <GRF_0<944>>.
    Found 1-bit register for signal <GRF_0<943>>.
    Found 1-bit register for signal <GRF_0<942>>.
    Found 1-bit register for signal <GRF_0<941>>.
    Found 1-bit register for signal <GRF_0<940>>.
    Found 1-bit register for signal <GRF_0<939>>.
    Found 1-bit register for signal <GRF_0<938>>.
    Found 1-bit register for signal <GRF_0<937>>.
    Found 1-bit register for signal <GRF_0<936>>.
    Found 1-bit register for signal <GRF_0<935>>.
    Found 1-bit register for signal <GRF_0<934>>.
    Found 1-bit register for signal <GRF_0<933>>.
    Found 1-bit register for signal <GRF_0<932>>.
    Found 1-bit register for signal <GRF_0<931>>.
    Found 1-bit register for signal <GRF_0<930>>.
    Found 1-bit register for signal <GRF_0<929>>.
    Found 1-bit register for signal <GRF_0<928>>.
    Found 1-bit register for signal <GRF_0<927>>.
    Found 1-bit register for signal <GRF_0<926>>.
    Found 1-bit register for signal <GRF_0<925>>.
    Found 1-bit register for signal <GRF_0<924>>.
    Found 1-bit register for signal <GRF_0<923>>.
    Found 1-bit register for signal <GRF_0<922>>.
    Found 1-bit register for signal <GRF_0<921>>.
    Found 1-bit register for signal <GRF_0<920>>.
    Found 1-bit register for signal <GRF_0<919>>.
    Found 1-bit register for signal <GRF_0<918>>.
    Found 1-bit register for signal <GRF_0<917>>.
    Found 1-bit register for signal <GRF_0<916>>.
    Found 1-bit register for signal <GRF_0<915>>.
    Found 1-bit register for signal <GRF_0<914>>.
    Found 1-bit register for signal <GRF_0<913>>.
    Found 1-bit register for signal <GRF_0<912>>.
    Found 1-bit register for signal <GRF_0<911>>.
    Found 1-bit register for signal <GRF_0<910>>.
    Found 1-bit register for signal <GRF_0<909>>.
    Found 1-bit register for signal <GRF_0<908>>.
    Found 1-bit register for signal <GRF_0<907>>.
    Found 1-bit register for signal <GRF_0<906>>.
    Found 1-bit register for signal <GRF_0<905>>.
    Found 1-bit register for signal <GRF_0<904>>.
    Found 1-bit register for signal <GRF_0<903>>.
    Found 1-bit register for signal <GRF_0<902>>.
    Found 1-bit register for signal <GRF_0<901>>.
    Found 1-bit register for signal <GRF_0<900>>.
    Found 1-bit register for signal <GRF_0<899>>.
    Found 1-bit register for signal <GRF_0<898>>.
    Found 1-bit register for signal <GRF_0<897>>.
    Found 1-bit register for signal <GRF_0<896>>.
    Found 1-bit register for signal <GRF_0<895>>.
    Found 1-bit register for signal <GRF_0<894>>.
    Found 1-bit register for signal <GRF_0<893>>.
    Found 1-bit register for signal <GRF_0<892>>.
    Found 1-bit register for signal <GRF_0<891>>.
    Found 1-bit register for signal <GRF_0<890>>.
    Found 1-bit register for signal <GRF_0<889>>.
    Found 1-bit register for signal <GRF_0<888>>.
    Found 1-bit register for signal <GRF_0<887>>.
    Found 1-bit register for signal <GRF_0<886>>.
    Found 1-bit register for signal <GRF_0<885>>.
    Found 1-bit register for signal <GRF_0<884>>.
    Found 1-bit register for signal <GRF_0<883>>.
    Found 1-bit register for signal <GRF_0<882>>.
    Found 1-bit register for signal <GRF_0<881>>.
    Found 1-bit register for signal <GRF_0<880>>.
    Found 1-bit register for signal <GRF_0<879>>.
    Found 1-bit register for signal <GRF_0<878>>.
    Found 1-bit register for signal <GRF_0<877>>.
    Found 1-bit register for signal <GRF_0<876>>.
    Found 1-bit register for signal <GRF_0<875>>.
    Found 1-bit register for signal <GRF_0<874>>.
    Found 1-bit register for signal <GRF_0<873>>.
    Found 1-bit register for signal <GRF_0<872>>.
    Found 1-bit register for signal <GRF_0<871>>.
    Found 1-bit register for signal <GRF_0<870>>.
    Found 1-bit register for signal <GRF_0<869>>.
    Found 1-bit register for signal <GRF_0<868>>.
    Found 1-bit register for signal <GRF_0<867>>.
    Found 1-bit register for signal <GRF_0<866>>.
    Found 1-bit register for signal <GRF_0<865>>.
    Found 1-bit register for signal <GRF_0<864>>.
    Found 1-bit register for signal <GRF_0<863>>.
    Found 1-bit register for signal <GRF_0<862>>.
    Found 1-bit register for signal <GRF_0<861>>.
    Found 1-bit register for signal <GRF_0<860>>.
    Found 1-bit register for signal <GRF_0<859>>.
    Found 1-bit register for signal <GRF_0<858>>.
    Found 1-bit register for signal <GRF_0<857>>.
    Found 1-bit register for signal <GRF_0<856>>.
    Found 1-bit register for signal <GRF_0<855>>.
    Found 1-bit register for signal <GRF_0<854>>.
    Found 1-bit register for signal <GRF_0<853>>.
    Found 1-bit register for signal <GRF_0<852>>.
    Found 1-bit register for signal <GRF_0<851>>.
    Found 1-bit register for signal <GRF_0<850>>.
    Found 1-bit register for signal <GRF_0<849>>.
    Found 1-bit register for signal <GRF_0<848>>.
    Found 1-bit register for signal <GRF_0<847>>.
    Found 1-bit register for signal <GRF_0<846>>.
    Found 1-bit register for signal <GRF_0<845>>.
    Found 1-bit register for signal <GRF_0<844>>.
    Found 1-bit register for signal <GRF_0<843>>.
    Found 1-bit register for signal <GRF_0<842>>.
    Found 1-bit register for signal <GRF_0<841>>.
    Found 1-bit register for signal <GRF_0<840>>.
    Found 1-bit register for signal <GRF_0<839>>.
    Found 1-bit register for signal <GRF_0<838>>.
    Found 1-bit register for signal <GRF_0<837>>.
    Found 1-bit register for signal <GRF_0<836>>.
    Found 1-bit register for signal <GRF_0<835>>.
    Found 1-bit register for signal <GRF_0<834>>.
    Found 1-bit register for signal <GRF_0<833>>.
    Found 1-bit register for signal <GRF_0<832>>.
    Found 1-bit register for signal <GRF_0<831>>.
    Found 1-bit register for signal <GRF_0<830>>.
    Found 1-bit register for signal <GRF_0<829>>.
    Found 1-bit register for signal <GRF_0<828>>.
    Found 1-bit register for signal <GRF_0<827>>.
    Found 1-bit register for signal <GRF_0<826>>.
    Found 1-bit register for signal <GRF_0<825>>.
    Found 1-bit register for signal <GRF_0<824>>.
    Found 1-bit register for signal <GRF_0<823>>.
    Found 1-bit register for signal <GRF_0<822>>.
    Found 1-bit register for signal <GRF_0<821>>.
    Found 1-bit register for signal <GRF_0<820>>.
    Found 1-bit register for signal <GRF_0<819>>.
    Found 1-bit register for signal <GRF_0<818>>.
    Found 1-bit register for signal <GRF_0<817>>.
    Found 1-bit register for signal <GRF_0<816>>.
    Found 1-bit register for signal <GRF_0<815>>.
    Found 1-bit register for signal <GRF_0<814>>.
    Found 1-bit register for signal <GRF_0<813>>.
    Found 1-bit register for signal <GRF_0<812>>.
    Found 1-bit register for signal <GRF_0<811>>.
    Found 1-bit register for signal <GRF_0<810>>.
    Found 1-bit register for signal <GRF_0<809>>.
    Found 1-bit register for signal <GRF_0<808>>.
    Found 1-bit register for signal <GRF_0<807>>.
    Found 1-bit register for signal <GRF_0<806>>.
    Found 1-bit register for signal <GRF_0<805>>.
    Found 1-bit register for signal <GRF_0<804>>.
    Found 1-bit register for signal <GRF_0<803>>.
    Found 1-bit register for signal <GRF_0<802>>.
    Found 1-bit register for signal <GRF_0<801>>.
    Found 1-bit register for signal <GRF_0<800>>.
    Found 1-bit register for signal <GRF_0<799>>.
    Found 1-bit register for signal <GRF_0<798>>.
    Found 1-bit register for signal <GRF_0<797>>.
    Found 1-bit register for signal <GRF_0<796>>.
    Found 1-bit register for signal <GRF_0<795>>.
    Found 1-bit register for signal <GRF_0<794>>.
    Found 1-bit register for signal <GRF_0<793>>.
    Found 1-bit register for signal <GRF_0<792>>.
    Found 1-bit register for signal <GRF_0<791>>.
    Found 1-bit register for signal <GRF_0<790>>.
    Found 1-bit register for signal <GRF_0<789>>.
    Found 1-bit register for signal <GRF_0<788>>.
    Found 1-bit register for signal <GRF_0<787>>.
    Found 1-bit register for signal <GRF_0<786>>.
    Found 1-bit register for signal <GRF_0<785>>.
    Found 1-bit register for signal <GRF_0<784>>.
    Found 1-bit register for signal <GRF_0<783>>.
    Found 1-bit register for signal <GRF_0<782>>.
    Found 1-bit register for signal <GRF_0<781>>.
    Found 1-bit register for signal <GRF_0<780>>.
    Found 1-bit register for signal <GRF_0<779>>.
    Found 1-bit register for signal <GRF_0<778>>.
    Found 1-bit register for signal <GRF_0<777>>.
    Found 1-bit register for signal <GRF_0<776>>.
    Found 1-bit register for signal <GRF_0<775>>.
    Found 1-bit register for signal <GRF_0<774>>.
    Found 1-bit register for signal <GRF_0<773>>.
    Found 1-bit register for signal <GRF_0<772>>.
    Found 1-bit register for signal <GRF_0<771>>.
    Found 1-bit register for signal <GRF_0<770>>.
    Found 1-bit register for signal <GRF_0<769>>.
    Found 1-bit register for signal <GRF_0<768>>.
    Found 1-bit register for signal <GRF_0<767>>.
    Found 1-bit register for signal <GRF_0<766>>.
    Found 1-bit register for signal <GRF_0<765>>.
    Found 1-bit register for signal <GRF_0<764>>.
    Found 1-bit register for signal <GRF_0<763>>.
    Found 1-bit register for signal <GRF_0<762>>.
    Found 1-bit register for signal <GRF_0<761>>.
    Found 1-bit register for signal <GRF_0<760>>.
    Found 1-bit register for signal <GRF_0<759>>.
    Found 1-bit register for signal <GRF_0<758>>.
    Found 1-bit register for signal <GRF_0<757>>.
    Found 1-bit register for signal <GRF_0<756>>.
    Found 1-bit register for signal <GRF_0<755>>.
    Found 1-bit register for signal <GRF_0<754>>.
    Found 1-bit register for signal <GRF_0<753>>.
    Found 1-bit register for signal <GRF_0<752>>.
    Found 1-bit register for signal <GRF_0<751>>.
    Found 1-bit register for signal <GRF_0<750>>.
    Found 1-bit register for signal <GRF_0<749>>.
    Found 1-bit register for signal <GRF_0<748>>.
    Found 1-bit register for signal <GRF_0<747>>.
    Found 1-bit register for signal <GRF_0<746>>.
    Found 1-bit register for signal <GRF_0<745>>.
    Found 1-bit register for signal <GRF_0<744>>.
    Found 1-bit register for signal <GRF_0<743>>.
    Found 1-bit register for signal <GRF_0<742>>.
    Found 1-bit register for signal <GRF_0<741>>.
    Found 1-bit register for signal <GRF_0<740>>.
    Found 1-bit register for signal <GRF_0<739>>.
    Found 1-bit register for signal <GRF_0<738>>.
    Found 1-bit register for signal <GRF_0<737>>.
    Found 1-bit register for signal <GRF_0<736>>.
    Found 1-bit register for signal <GRF_0<735>>.
    Found 1-bit register for signal <GRF_0<734>>.
    Found 1-bit register for signal <GRF_0<733>>.
    Found 1-bit register for signal <GRF_0<732>>.
    Found 1-bit register for signal <GRF_0<731>>.
    Found 1-bit register for signal <GRF_0<730>>.
    Found 1-bit register for signal <GRF_0<729>>.
    Found 1-bit register for signal <GRF_0<728>>.
    Found 1-bit register for signal <GRF_0<727>>.
    Found 1-bit register for signal <GRF_0<726>>.
    Found 1-bit register for signal <GRF_0<725>>.
    Found 1-bit register for signal <GRF_0<724>>.
    Found 1-bit register for signal <GRF_0<723>>.
    Found 1-bit register for signal <GRF_0<722>>.
    Found 1-bit register for signal <GRF_0<721>>.
    Found 1-bit register for signal <GRF_0<720>>.
    Found 1-bit register for signal <GRF_0<719>>.
    Found 1-bit register for signal <GRF_0<718>>.
    Found 1-bit register for signal <GRF_0<717>>.
    Found 1-bit register for signal <GRF_0<716>>.
    Found 1-bit register for signal <GRF_0<715>>.
    Found 1-bit register for signal <GRF_0<714>>.
    Found 1-bit register for signal <GRF_0<713>>.
    Found 1-bit register for signal <GRF_0<712>>.
    Found 1-bit register for signal <GRF_0<711>>.
    Found 1-bit register for signal <GRF_0<710>>.
    Found 1-bit register for signal <GRF_0<709>>.
    Found 1-bit register for signal <GRF_0<708>>.
    Found 1-bit register for signal <GRF_0<707>>.
    Found 1-bit register for signal <GRF_0<706>>.
    Found 1-bit register for signal <GRF_0<705>>.
    Found 1-bit register for signal <GRF_0<704>>.
    Found 1-bit register for signal <GRF_0<703>>.
    Found 1-bit register for signal <GRF_0<702>>.
    Found 1-bit register for signal <GRF_0<701>>.
    Found 1-bit register for signal <GRF_0<700>>.
    Found 1-bit register for signal <GRF_0<699>>.
    Found 1-bit register for signal <GRF_0<698>>.
    Found 1-bit register for signal <GRF_0<697>>.
    Found 1-bit register for signal <GRF_0<696>>.
    Found 1-bit register for signal <GRF_0<695>>.
    Found 1-bit register for signal <GRF_0<694>>.
    Found 1-bit register for signal <GRF_0<693>>.
    Found 1-bit register for signal <GRF_0<692>>.
    Found 1-bit register for signal <GRF_0<691>>.
    Found 1-bit register for signal <GRF_0<690>>.
    Found 1-bit register for signal <GRF_0<689>>.
    Found 1-bit register for signal <GRF_0<688>>.
    Found 1-bit register for signal <GRF_0<687>>.
    Found 1-bit register for signal <GRF_0<686>>.
    Found 1-bit register for signal <GRF_0<685>>.
    Found 1-bit register for signal <GRF_0<684>>.
    Found 1-bit register for signal <GRF_0<683>>.
    Found 1-bit register for signal <GRF_0<682>>.
    Found 1-bit register for signal <GRF_0<681>>.
    Found 1-bit register for signal <GRF_0<680>>.
    Found 1-bit register for signal <GRF_0<679>>.
    Found 1-bit register for signal <GRF_0<678>>.
    Found 1-bit register for signal <GRF_0<677>>.
    Found 1-bit register for signal <GRF_0<676>>.
    Found 1-bit register for signal <GRF_0<675>>.
    Found 1-bit register for signal <GRF_0<674>>.
    Found 1-bit register for signal <GRF_0<673>>.
    Found 1-bit register for signal <GRF_0<672>>.
    Found 1-bit register for signal <GRF_0<671>>.
    Found 1-bit register for signal <GRF_0<670>>.
    Found 1-bit register for signal <GRF_0<669>>.
    Found 1-bit register for signal <GRF_0<668>>.
    Found 1-bit register for signal <GRF_0<667>>.
    Found 1-bit register for signal <GRF_0<666>>.
    Found 1-bit register for signal <GRF_0<665>>.
    Found 1-bit register for signal <GRF_0<664>>.
    Found 1-bit register for signal <GRF_0<663>>.
    Found 1-bit register for signal <GRF_0<662>>.
    Found 1-bit register for signal <GRF_0<661>>.
    Found 1-bit register for signal <GRF_0<660>>.
    Found 1-bit register for signal <GRF_0<659>>.
    Found 1-bit register for signal <GRF_0<658>>.
    Found 1-bit register for signal <GRF_0<657>>.
    Found 1-bit register for signal <GRF_0<656>>.
    Found 1-bit register for signal <GRF_0<655>>.
    Found 1-bit register for signal <GRF_0<654>>.
    Found 1-bit register for signal <GRF_0<653>>.
    Found 1-bit register for signal <GRF_0<652>>.
    Found 1-bit register for signal <GRF_0<651>>.
    Found 1-bit register for signal <GRF_0<650>>.
    Found 1-bit register for signal <GRF_0<649>>.
    Found 1-bit register for signal <GRF_0<648>>.
    Found 1-bit register for signal <GRF_0<647>>.
    Found 1-bit register for signal <GRF_0<646>>.
    Found 1-bit register for signal <GRF_0<645>>.
    Found 1-bit register for signal <GRF_0<644>>.
    Found 1-bit register for signal <GRF_0<643>>.
    Found 1-bit register for signal <GRF_0<642>>.
    Found 1-bit register for signal <GRF_0<641>>.
    Found 1-bit register for signal <GRF_0<640>>.
    Found 1-bit register for signal <GRF_0<639>>.
    Found 1-bit register for signal <GRF_0<638>>.
    Found 1-bit register for signal <GRF_0<637>>.
    Found 1-bit register for signal <GRF_0<636>>.
    Found 1-bit register for signal <GRF_0<635>>.
    Found 1-bit register for signal <GRF_0<634>>.
    Found 1-bit register for signal <GRF_0<633>>.
    Found 1-bit register for signal <GRF_0<632>>.
    Found 1-bit register for signal <GRF_0<631>>.
    Found 1-bit register for signal <GRF_0<630>>.
    Found 1-bit register for signal <GRF_0<629>>.
    Found 1-bit register for signal <GRF_0<628>>.
    Found 1-bit register for signal <GRF_0<627>>.
    Found 1-bit register for signal <GRF_0<626>>.
    Found 1-bit register for signal <GRF_0<625>>.
    Found 1-bit register for signal <GRF_0<624>>.
    Found 1-bit register for signal <GRF_0<623>>.
    Found 1-bit register for signal <GRF_0<622>>.
    Found 1-bit register for signal <GRF_0<621>>.
    Found 1-bit register for signal <GRF_0<620>>.
    Found 1-bit register for signal <GRF_0<619>>.
    Found 1-bit register for signal <GRF_0<618>>.
    Found 1-bit register for signal <GRF_0<617>>.
    Found 1-bit register for signal <GRF_0<616>>.
    Found 1-bit register for signal <GRF_0<615>>.
    Found 1-bit register for signal <GRF_0<614>>.
    Found 1-bit register for signal <GRF_0<613>>.
    Found 1-bit register for signal <GRF_0<612>>.
    Found 1-bit register for signal <GRF_0<611>>.
    Found 1-bit register for signal <GRF_0<610>>.
    Found 1-bit register for signal <GRF_0<609>>.
    Found 1-bit register for signal <GRF_0<608>>.
    Found 1-bit register for signal <GRF_0<607>>.
    Found 1-bit register for signal <GRF_0<606>>.
    Found 1-bit register for signal <GRF_0<605>>.
    Found 1-bit register for signal <GRF_0<604>>.
    Found 1-bit register for signal <GRF_0<603>>.
    Found 1-bit register for signal <GRF_0<602>>.
    Found 1-bit register for signal <GRF_0<601>>.
    Found 1-bit register for signal <GRF_0<600>>.
    Found 1-bit register for signal <GRF_0<599>>.
    Found 1-bit register for signal <GRF_0<598>>.
    Found 1-bit register for signal <GRF_0<597>>.
    Found 1-bit register for signal <GRF_0<596>>.
    Found 1-bit register for signal <GRF_0<595>>.
    Found 1-bit register for signal <GRF_0<594>>.
    Found 1-bit register for signal <GRF_0<593>>.
    Found 1-bit register for signal <GRF_0<592>>.
    Found 1-bit register for signal <GRF_0<591>>.
    Found 1-bit register for signal <GRF_0<590>>.
    Found 1-bit register for signal <GRF_0<589>>.
    Found 1-bit register for signal <GRF_0<588>>.
    Found 1-bit register for signal <GRF_0<587>>.
    Found 1-bit register for signal <GRF_0<586>>.
    Found 1-bit register for signal <GRF_0<585>>.
    Found 1-bit register for signal <GRF_0<584>>.
    Found 1-bit register for signal <GRF_0<583>>.
    Found 1-bit register for signal <GRF_0<582>>.
    Found 1-bit register for signal <GRF_0<581>>.
    Found 1-bit register for signal <GRF_0<580>>.
    Found 1-bit register for signal <GRF_0<579>>.
    Found 1-bit register for signal <GRF_0<578>>.
    Found 1-bit register for signal <GRF_0<577>>.
    Found 1-bit register for signal <GRF_0<576>>.
    Found 1-bit register for signal <GRF_0<575>>.
    Found 1-bit register for signal <GRF_0<574>>.
    Found 1-bit register for signal <GRF_0<573>>.
    Found 1-bit register for signal <GRF_0<572>>.
    Found 1-bit register for signal <GRF_0<571>>.
    Found 1-bit register for signal <GRF_0<570>>.
    Found 1-bit register for signal <GRF_0<569>>.
    Found 1-bit register for signal <GRF_0<568>>.
    Found 1-bit register for signal <GRF_0<567>>.
    Found 1-bit register for signal <GRF_0<566>>.
    Found 1-bit register for signal <GRF_0<565>>.
    Found 1-bit register for signal <GRF_0<564>>.
    Found 1-bit register for signal <GRF_0<563>>.
    Found 1-bit register for signal <GRF_0<562>>.
    Found 1-bit register for signal <GRF_0<561>>.
    Found 1-bit register for signal <GRF_0<560>>.
    Found 1-bit register for signal <GRF_0<559>>.
    Found 1-bit register for signal <GRF_0<558>>.
    Found 1-bit register for signal <GRF_0<557>>.
    Found 1-bit register for signal <GRF_0<556>>.
    Found 1-bit register for signal <GRF_0<555>>.
    Found 1-bit register for signal <GRF_0<554>>.
    Found 1-bit register for signal <GRF_0<553>>.
    Found 1-bit register for signal <GRF_0<552>>.
    Found 1-bit register for signal <GRF_0<551>>.
    Found 1-bit register for signal <GRF_0<550>>.
    Found 1-bit register for signal <GRF_0<549>>.
    Found 1-bit register for signal <GRF_0<548>>.
    Found 1-bit register for signal <GRF_0<547>>.
    Found 1-bit register for signal <GRF_0<546>>.
    Found 1-bit register for signal <GRF_0<545>>.
    Found 1-bit register for signal <GRF_0<544>>.
    Found 1-bit register for signal <GRF_0<543>>.
    Found 1-bit register for signal <GRF_0<542>>.
    Found 1-bit register for signal <GRF_0<541>>.
    Found 1-bit register for signal <GRF_0<540>>.
    Found 1-bit register for signal <GRF_0<539>>.
    Found 1-bit register for signal <GRF_0<538>>.
    Found 1-bit register for signal <GRF_0<537>>.
    Found 1-bit register for signal <GRF_0<536>>.
    Found 1-bit register for signal <GRF_0<535>>.
    Found 1-bit register for signal <GRF_0<534>>.
    Found 1-bit register for signal <GRF_0<533>>.
    Found 1-bit register for signal <GRF_0<532>>.
    Found 1-bit register for signal <GRF_0<531>>.
    Found 1-bit register for signal <GRF_0<530>>.
    Found 1-bit register for signal <GRF_0<529>>.
    Found 1-bit register for signal <GRF_0<528>>.
    Found 1-bit register for signal <GRF_0<527>>.
    Found 1-bit register for signal <GRF_0<526>>.
    Found 1-bit register for signal <GRF_0<525>>.
    Found 1-bit register for signal <GRF_0<524>>.
    Found 1-bit register for signal <GRF_0<523>>.
    Found 1-bit register for signal <GRF_0<522>>.
    Found 1-bit register for signal <GRF_0<521>>.
    Found 1-bit register for signal <GRF_0<520>>.
    Found 1-bit register for signal <GRF_0<519>>.
    Found 1-bit register for signal <GRF_0<518>>.
    Found 1-bit register for signal <GRF_0<517>>.
    Found 1-bit register for signal <GRF_0<516>>.
    Found 1-bit register for signal <GRF_0<515>>.
    Found 1-bit register for signal <GRF_0<514>>.
    Found 1-bit register for signal <GRF_0<513>>.
    Found 1-bit register for signal <GRF_0<512>>.
    Found 1-bit register for signal <GRF_0<511>>.
    Found 1-bit register for signal <GRF_0<510>>.
    Found 1-bit register for signal <GRF_0<509>>.
    Found 1-bit register for signal <GRF_0<508>>.
    Found 1-bit register for signal <GRF_0<507>>.
    Found 1-bit register for signal <GRF_0<506>>.
    Found 1-bit register for signal <GRF_0<505>>.
    Found 1-bit register for signal <GRF_0<504>>.
    Found 1-bit register for signal <GRF_0<503>>.
    Found 1-bit register for signal <GRF_0<502>>.
    Found 1-bit register for signal <GRF_0<501>>.
    Found 1-bit register for signal <GRF_0<500>>.
    Found 1-bit register for signal <GRF_0<499>>.
    Found 1-bit register for signal <GRF_0<498>>.
    Found 1-bit register for signal <GRF_0<497>>.
    Found 1-bit register for signal <GRF_0<496>>.
    Found 1-bit register for signal <GRF_0<495>>.
    Found 1-bit register for signal <GRF_0<494>>.
    Found 1-bit register for signal <GRF_0<493>>.
    Found 1-bit register for signal <GRF_0<492>>.
    Found 1-bit register for signal <GRF_0<491>>.
    Found 1-bit register for signal <GRF_0<490>>.
    Found 1-bit register for signal <GRF_0<489>>.
    Found 1-bit register for signal <GRF_0<488>>.
    Found 1-bit register for signal <GRF_0<487>>.
    Found 1-bit register for signal <GRF_0<486>>.
    Found 1-bit register for signal <GRF_0<485>>.
    Found 1-bit register for signal <GRF_0<484>>.
    Found 1-bit register for signal <GRF_0<483>>.
    Found 1-bit register for signal <GRF_0<482>>.
    Found 1-bit register for signal <GRF_0<481>>.
    Found 1-bit register for signal <GRF_0<480>>.
    Found 1-bit register for signal <GRF_0<479>>.
    Found 1-bit register for signal <GRF_0<478>>.
    Found 1-bit register for signal <GRF_0<477>>.
    Found 1-bit register for signal <GRF_0<476>>.
    Found 1-bit register for signal <GRF_0<475>>.
    Found 1-bit register for signal <GRF_0<474>>.
    Found 1-bit register for signal <GRF_0<473>>.
    Found 1-bit register for signal <GRF_0<472>>.
    Found 1-bit register for signal <GRF_0<471>>.
    Found 1-bit register for signal <GRF_0<470>>.
    Found 1-bit register for signal <GRF_0<469>>.
    Found 1-bit register for signal <GRF_0<468>>.
    Found 1-bit register for signal <GRF_0<467>>.
    Found 1-bit register for signal <GRF_0<466>>.
    Found 1-bit register for signal <GRF_0<465>>.
    Found 1-bit register for signal <GRF_0<464>>.
    Found 1-bit register for signal <GRF_0<463>>.
    Found 1-bit register for signal <GRF_0<462>>.
    Found 1-bit register for signal <GRF_0<461>>.
    Found 1-bit register for signal <GRF_0<460>>.
    Found 1-bit register for signal <GRF_0<459>>.
    Found 1-bit register for signal <GRF_0<458>>.
    Found 1-bit register for signal <GRF_0<457>>.
    Found 1-bit register for signal <GRF_0<456>>.
    Found 1-bit register for signal <GRF_0<455>>.
    Found 1-bit register for signal <GRF_0<454>>.
    Found 1-bit register for signal <GRF_0<453>>.
    Found 1-bit register for signal <GRF_0<452>>.
    Found 1-bit register for signal <GRF_0<451>>.
    Found 1-bit register for signal <GRF_0<450>>.
    Found 1-bit register for signal <GRF_0<449>>.
    Found 1-bit register for signal <GRF_0<448>>.
    Found 1-bit register for signal <GRF_0<447>>.
    Found 1-bit register for signal <GRF_0<446>>.
    Found 1-bit register for signal <GRF_0<445>>.
    Found 1-bit register for signal <GRF_0<444>>.
    Found 1-bit register for signal <GRF_0<443>>.
    Found 1-bit register for signal <GRF_0<442>>.
    Found 1-bit register for signal <GRF_0<441>>.
    Found 1-bit register for signal <GRF_0<440>>.
    Found 1-bit register for signal <GRF_0<439>>.
    Found 1-bit register for signal <GRF_0<438>>.
    Found 1-bit register for signal <GRF_0<437>>.
    Found 1-bit register for signal <GRF_0<436>>.
    Found 1-bit register for signal <GRF_0<435>>.
    Found 1-bit register for signal <GRF_0<434>>.
    Found 1-bit register for signal <GRF_0<433>>.
    Found 1-bit register for signal <GRF_0<432>>.
    Found 1-bit register for signal <GRF_0<431>>.
    Found 1-bit register for signal <GRF_0<430>>.
    Found 1-bit register for signal <GRF_0<429>>.
    Found 1-bit register for signal <GRF_0<428>>.
    Found 1-bit register for signal <GRF_0<427>>.
    Found 1-bit register for signal <GRF_0<426>>.
    Found 1-bit register for signal <GRF_0<425>>.
    Found 1-bit register for signal <GRF_0<424>>.
    Found 1-bit register for signal <GRF_0<423>>.
    Found 1-bit register for signal <GRF_0<422>>.
    Found 1-bit register for signal <GRF_0<421>>.
    Found 1-bit register for signal <GRF_0<420>>.
    Found 1-bit register for signal <GRF_0<419>>.
    Found 1-bit register for signal <GRF_0<418>>.
    Found 1-bit register for signal <GRF_0<417>>.
    Found 1-bit register for signal <GRF_0<416>>.
    Found 1-bit register for signal <GRF_0<415>>.
    Found 1-bit register for signal <GRF_0<414>>.
    Found 1-bit register for signal <GRF_0<413>>.
    Found 1-bit register for signal <GRF_0<412>>.
    Found 1-bit register for signal <GRF_0<411>>.
    Found 1-bit register for signal <GRF_0<410>>.
    Found 1-bit register for signal <GRF_0<409>>.
    Found 1-bit register for signal <GRF_0<408>>.
    Found 1-bit register for signal <GRF_0<407>>.
    Found 1-bit register for signal <GRF_0<406>>.
    Found 1-bit register for signal <GRF_0<405>>.
    Found 1-bit register for signal <GRF_0<404>>.
    Found 1-bit register for signal <GRF_0<403>>.
    Found 1-bit register for signal <GRF_0<402>>.
    Found 1-bit register for signal <GRF_0<401>>.
    Found 1-bit register for signal <GRF_0<400>>.
    Found 1-bit register for signal <GRF_0<399>>.
    Found 1-bit register for signal <GRF_0<398>>.
    Found 1-bit register for signal <GRF_0<397>>.
    Found 1-bit register for signal <GRF_0<396>>.
    Found 1-bit register for signal <GRF_0<395>>.
    Found 1-bit register for signal <GRF_0<394>>.
    Found 1-bit register for signal <GRF_0<393>>.
    Found 1-bit register for signal <GRF_0<392>>.
    Found 1-bit register for signal <GRF_0<391>>.
    Found 1-bit register for signal <GRF_0<390>>.
    Found 1-bit register for signal <GRF_0<389>>.
    Found 1-bit register for signal <GRF_0<388>>.
    Found 1-bit register for signal <GRF_0<387>>.
    Found 1-bit register for signal <GRF_0<386>>.
    Found 1-bit register for signal <GRF_0<385>>.
    Found 1-bit register for signal <GRF_0<384>>.
    Found 1-bit register for signal <GRF_0<383>>.
    Found 1-bit register for signal <GRF_0<382>>.
    Found 1-bit register for signal <GRF_0<381>>.
    Found 1-bit register for signal <GRF_0<380>>.
    Found 1-bit register for signal <GRF_0<379>>.
    Found 1-bit register for signal <GRF_0<378>>.
    Found 1-bit register for signal <GRF_0<377>>.
    Found 1-bit register for signal <GRF_0<376>>.
    Found 1-bit register for signal <GRF_0<375>>.
    Found 1-bit register for signal <GRF_0<374>>.
    Found 1-bit register for signal <GRF_0<373>>.
    Found 1-bit register for signal <GRF_0<372>>.
    Found 1-bit register for signal <GRF_0<371>>.
    Found 1-bit register for signal <GRF_0<370>>.
    Found 1-bit register for signal <GRF_0<369>>.
    Found 1-bit register for signal <GRF_0<368>>.
    Found 1-bit register for signal <GRF_0<367>>.
    Found 1-bit register for signal <GRF_0<366>>.
    Found 1-bit register for signal <GRF_0<365>>.
    Found 1-bit register for signal <GRF_0<364>>.
    Found 1-bit register for signal <GRF_0<363>>.
    Found 1-bit register for signal <GRF_0<362>>.
    Found 1-bit register for signal <GRF_0<361>>.
    Found 1-bit register for signal <GRF_0<360>>.
    Found 1-bit register for signal <GRF_0<359>>.
    Found 1-bit register for signal <GRF_0<358>>.
    Found 1-bit register for signal <GRF_0<357>>.
    Found 1-bit register for signal <GRF_0<356>>.
    Found 1-bit register for signal <GRF_0<355>>.
    Found 1-bit register for signal <GRF_0<354>>.
    Found 1-bit register for signal <GRF_0<353>>.
    Found 1-bit register for signal <GRF_0<352>>.
    Found 1-bit register for signal <GRF_0<351>>.
    Found 1-bit register for signal <GRF_0<350>>.
    Found 1-bit register for signal <GRF_0<349>>.
    Found 1-bit register for signal <GRF_0<348>>.
    Found 1-bit register for signal <GRF_0<347>>.
    Found 1-bit register for signal <GRF_0<346>>.
    Found 1-bit register for signal <GRF_0<345>>.
    Found 1-bit register for signal <GRF_0<344>>.
    Found 1-bit register for signal <GRF_0<343>>.
    Found 1-bit register for signal <GRF_0<342>>.
    Found 1-bit register for signal <GRF_0<341>>.
    Found 1-bit register for signal <GRF_0<340>>.
    Found 1-bit register for signal <GRF_0<339>>.
    Found 1-bit register for signal <GRF_0<338>>.
    Found 1-bit register for signal <GRF_0<337>>.
    Found 1-bit register for signal <GRF_0<336>>.
    Found 1-bit register for signal <GRF_0<335>>.
    Found 1-bit register for signal <GRF_0<334>>.
    Found 1-bit register for signal <GRF_0<333>>.
    Found 1-bit register for signal <GRF_0<332>>.
    Found 1-bit register for signal <GRF_0<331>>.
    Found 1-bit register for signal <GRF_0<330>>.
    Found 1-bit register for signal <GRF_0<329>>.
    Found 1-bit register for signal <GRF_0<328>>.
    Found 1-bit register for signal <GRF_0<327>>.
    Found 1-bit register for signal <GRF_0<326>>.
    Found 1-bit register for signal <GRF_0<325>>.
    Found 1-bit register for signal <GRF_0<324>>.
    Found 1-bit register for signal <GRF_0<323>>.
    Found 1-bit register for signal <GRF_0<322>>.
    Found 1-bit register for signal <GRF_0<321>>.
    Found 1-bit register for signal <GRF_0<320>>.
    Found 1-bit register for signal <GRF_0<319>>.
    Found 1-bit register for signal <GRF_0<318>>.
    Found 1-bit register for signal <GRF_0<317>>.
    Found 1-bit register for signal <GRF_0<316>>.
    Found 1-bit register for signal <GRF_0<315>>.
    Found 1-bit register for signal <GRF_0<314>>.
    Found 1-bit register for signal <GRF_0<313>>.
    Found 1-bit register for signal <GRF_0<312>>.
    Found 1-bit register for signal <GRF_0<311>>.
    Found 1-bit register for signal <GRF_0<310>>.
    Found 1-bit register for signal <GRF_0<309>>.
    Found 1-bit register for signal <GRF_0<308>>.
    Found 1-bit register for signal <GRF_0<307>>.
    Found 1-bit register for signal <GRF_0<306>>.
    Found 1-bit register for signal <GRF_0<305>>.
    Found 1-bit register for signal <GRF_0<304>>.
    Found 1-bit register for signal <GRF_0<303>>.
    Found 1-bit register for signal <GRF_0<302>>.
    Found 1-bit register for signal <GRF_0<301>>.
    Found 1-bit register for signal <GRF_0<300>>.
    Found 1-bit register for signal <GRF_0<299>>.
    Found 1-bit register for signal <GRF_0<298>>.
    Found 1-bit register for signal <GRF_0<297>>.
    Found 1-bit register for signal <GRF_0<296>>.
    Found 1-bit register for signal <GRF_0<295>>.
    Found 1-bit register for signal <GRF_0<294>>.
    Found 1-bit register for signal <GRF_0<293>>.
    Found 1-bit register for signal <GRF_0<292>>.
    Found 1-bit register for signal <GRF_0<291>>.
    Found 1-bit register for signal <GRF_0<290>>.
    Found 1-bit register for signal <GRF_0<289>>.
    Found 1-bit register for signal <GRF_0<288>>.
    Found 1-bit register for signal <GRF_0<287>>.
    Found 1-bit register for signal <GRF_0<286>>.
    Found 1-bit register for signal <GRF_0<285>>.
    Found 1-bit register for signal <GRF_0<284>>.
    Found 1-bit register for signal <GRF_0<283>>.
    Found 1-bit register for signal <GRF_0<282>>.
    Found 1-bit register for signal <GRF_0<281>>.
    Found 1-bit register for signal <GRF_0<280>>.
    Found 1-bit register for signal <GRF_0<279>>.
    Found 1-bit register for signal <GRF_0<278>>.
    Found 1-bit register for signal <GRF_0<277>>.
    Found 1-bit register for signal <GRF_0<276>>.
    Found 1-bit register for signal <GRF_0<275>>.
    Found 1-bit register for signal <GRF_0<274>>.
    Found 1-bit register for signal <GRF_0<273>>.
    Found 1-bit register for signal <GRF_0<272>>.
    Found 1-bit register for signal <GRF_0<271>>.
    Found 1-bit register for signal <GRF_0<270>>.
    Found 1-bit register for signal <GRF_0<269>>.
    Found 1-bit register for signal <GRF_0<268>>.
    Found 1-bit register for signal <GRF_0<267>>.
    Found 1-bit register for signal <GRF_0<266>>.
    Found 1-bit register for signal <GRF_0<265>>.
    Found 1-bit register for signal <GRF_0<264>>.
    Found 1-bit register for signal <GRF_0<263>>.
    Found 1-bit register for signal <GRF_0<262>>.
    Found 1-bit register for signal <GRF_0<261>>.
    Found 1-bit register for signal <GRF_0<260>>.
    Found 1-bit register for signal <GRF_0<259>>.
    Found 1-bit register for signal <GRF_0<258>>.
    Found 1-bit register for signal <GRF_0<257>>.
    Found 1-bit register for signal <GRF_0<256>>.
    Found 1-bit register for signal <GRF_0<255>>.
    Found 1-bit register for signal <GRF_0<254>>.
    Found 1-bit register for signal <GRF_0<253>>.
    Found 1-bit register for signal <GRF_0<252>>.
    Found 1-bit register for signal <GRF_0<251>>.
    Found 1-bit register for signal <GRF_0<250>>.
    Found 1-bit register for signal <GRF_0<249>>.
    Found 1-bit register for signal <GRF_0<248>>.
    Found 1-bit register for signal <GRF_0<247>>.
    Found 1-bit register for signal <GRF_0<246>>.
    Found 1-bit register for signal <GRF_0<245>>.
    Found 1-bit register for signal <GRF_0<244>>.
    Found 1-bit register for signal <GRF_0<243>>.
    Found 1-bit register for signal <GRF_0<242>>.
    Found 1-bit register for signal <GRF_0<241>>.
    Found 1-bit register for signal <GRF_0<240>>.
    Found 1-bit register for signal <GRF_0<239>>.
    Found 1-bit register for signal <GRF_0<238>>.
    Found 1-bit register for signal <GRF_0<237>>.
    Found 1-bit register for signal <GRF_0<236>>.
    Found 1-bit register for signal <GRF_0<235>>.
    Found 1-bit register for signal <GRF_0<234>>.
    Found 1-bit register for signal <GRF_0<233>>.
    Found 1-bit register for signal <GRF_0<232>>.
    Found 1-bit register for signal <GRF_0<231>>.
    Found 1-bit register for signal <GRF_0<230>>.
    Found 1-bit register for signal <GRF_0<229>>.
    Found 1-bit register for signal <GRF_0<228>>.
    Found 1-bit register for signal <GRF_0<227>>.
    Found 1-bit register for signal <GRF_0<226>>.
    Found 1-bit register for signal <GRF_0<225>>.
    Found 1-bit register for signal <GRF_0<224>>.
    Found 1-bit register for signal <GRF_0<223>>.
    Found 1-bit register for signal <GRF_0<222>>.
    Found 1-bit register for signal <GRF_0<221>>.
    Found 1-bit register for signal <GRF_0<220>>.
    Found 1-bit register for signal <GRF_0<219>>.
    Found 1-bit register for signal <GRF_0<218>>.
    Found 1-bit register for signal <GRF_0<217>>.
    Found 1-bit register for signal <GRF_0<216>>.
    Found 1-bit register for signal <GRF_0<215>>.
    Found 1-bit register for signal <GRF_0<214>>.
    Found 1-bit register for signal <GRF_0<213>>.
    Found 1-bit register for signal <GRF_0<212>>.
    Found 1-bit register for signal <GRF_0<211>>.
    Found 1-bit register for signal <GRF_0<210>>.
    Found 1-bit register for signal <GRF_0<209>>.
    Found 1-bit register for signal <GRF_0<208>>.
    Found 1-bit register for signal <GRF_0<207>>.
    Found 1-bit register for signal <GRF_0<206>>.
    Found 1-bit register for signal <GRF_0<205>>.
    Found 1-bit register for signal <GRF_0<204>>.
    Found 1-bit register for signal <GRF_0<203>>.
    Found 1-bit register for signal <GRF_0<202>>.
    Found 1-bit register for signal <GRF_0<201>>.
    Found 1-bit register for signal <GRF_0<200>>.
    Found 1-bit register for signal <GRF_0<199>>.
    Found 1-bit register for signal <GRF_0<198>>.
    Found 1-bit register for signal <GRF_0<197>>.
    Found 1-bit register for signal <GRF_0<196>>.
    Found 1-bit register for signal <GRF_0<195>>.
    Found 1-bit register for signal <GRF_0<194>>.
    Found 1-bit register for signal <GRF_0<193>>.
    Found 1-bit register for signal <GRF_0<192>>.
    Found 1-bit register for signal <GRF_0<191>>.
    Found 1-bit register for signal <GRF_0<190>>.
    Found 1-bit register for signal <GRF_0<189>>.
    Found 1-bit register for signal <GRF_0<188>>.
    Found 1-bit register for signal <GRF_0<187>>.
    Found 1-bit register for signal <GRF_0<186>>.
    Found 1-bit register for signal <GRF_0<185>>.
    Found 1-bit register for signal <GRF_0<184>>.
    Found 1-bit register for signal <GRF_0<183>>.
    Found 1-bit register for signal <GRF_0<182>>.
    Found 1-bit register for signal <GRF_0<181>>.
    Found 1-bit register for signal <GRF_0<180>>.
    Found 1-bit register for signal <GRF_0<179>>.
    Found 1-bit register for signal <GRF_0<178>>.
    Found 1-bit register for signal <GRF_0<177>>.
    Found 1-bit register for signal <GRF_0<176>>.
    Found 1-bit register for signal <GRF_0<175>>.
    Found 1-bit register for signal <GRF_0<174>>.
    Found 1-bit register for signal <GRF_0<173>>.
    Found 1-bit register for signal <GRF_0<172>>.
    Found 1-bit register for signal <GRF_0<171>>.
    Found 1-bit register for signal <GRF_0<170>>.
    Found 1-bit register for signal <GRF_0<169>>.
    Found 1-bit register for signal <GRF_0<168>>.
    Found 1-bit register for signal <GRF_0<167>>.
    Found 1-bit register for signal <GRF_0<166>>.
    Found 1-bit register for signal <GRF_0<165>>.
    Found 1-bit register for signal <GRF_0<164>>.
    Found 1-bit register for signal <GRF_0<163>>.
    Found 1-bit register for signal <GRF_0<162>>.
    Found 1-bit register for signal <GRF_0<161>>.
    Found 1-bit register for signal <GRF_0<160>>.
    Found 1-bit register for signal <GRF_0<159>>.
    Found 1-bit register for signal <GRF_0<158>>.
    Found 1-bit register for signal <GRF_0<157>>.
    Found 1-bit register for signal <GRF_0<156>>.
    Found 1-bit register for signal <GRF_0<155>>.
    Found 1-bit register for signal <GRF_0<154>>.
    Found 1-bit register for signal <GRF_0<153>>.
    Found 1-bit register for signal <GRF_0<152>>.
    Found 1-bit register for signal <GRF_0<151>>.
    Found 1-bit register for signal <GRF_0<150>>.
    Found 1-bit register for signal <GRF_0<149>>.
    Found 1-bit register for signal <GRF_0<148>>.
    Found 1-bit register for signal <GRF_0<147>>.
    Found 1-bit register for signal <GRF_0<146>>.
    Found 1-bit register for signal <GRF_0<145>>.
    Found 1-bit register for signal <GRF_0<144>>.
    Found 1-bit register for signal <GRF_0<143>>.
    Found 1-bit register for signal <GRF_0<142>>.
    Found 1-bit register for signal <GRF_0<141>>.
    Found 1-bit register for signal <GRF_0<140>>.
    Found 1-bit register for signal <GRF_0<139>>.
    Found 1-bit register for signal <GRF_0<138>>.
    Found 1-bit register for signal <GRF_0<137>>.
    Found 1-bit register for signal <GRF_0<136>>.
    Found 1-bit register for signal <GRF_0<135>>.
    Found 1-bit register for signal <GRF_0<134>>.
    Found 1-bit register for signal <GRF_0<133>>.
    Found 1-bit register for signal <GRF_0<132>>.
    Found 1-bit register for signal <GRF_0<131>>.
    Found 1-bit register for signal <GRF_0<130>>.
    Found 1-bit register for signal <GRF_0<129>>.
    Found 1-bit register for signal <GRF_0<128>>.
    Found 1-bit register for signal <GRF_0<127>>.
    Found 1-bit register for signal <GRF_0<126>>.
    Found 1-bit register for signal <GRF_0<125>>.
    Found 1-bit register for signal <GRF_0<124>>.
    Found 1-bit register for signal <GRF_0<123>>.
    Found 1-bit register for signal <GRF_0<122>>.
    Found 1-bit register for signal <GRF_0<121>>.
    Found 1-bit register for signal <GRF_0<120>>.
    Found 1-bit register for signal <GRF_0<119>>.
    Found 1-bit register for signal <GRF_0<118>>.
    Found 1-bit register for signal <GRF_0<117>>.
    Found 1-bit register for signal <GRF_0<116>>.
    Found 1-bit register for signal <GRF_0<115>>.
    Found 1-bit register for signal <GRF_0<114>>.
    Found 1-bit register for signal <GRF_0<113>>.
    Found 1-bit register for signal <GRF_0<112>>.
    Found 1-bit register for signal <GRF_0<111>>.
    Found 1-bit register for signal <GRF_0<110>>.
    Found 1-bit register for signal <GRF_0<109>>.
    Found 1-bit register for signal <GRF_0<108>>.
    Found 1-bit register for signal <GRF_0<107>>.
    Found 1-bit register for signal <GRF_0<106>>.
    Found 1-bit register for signal <GRF_0<105>>.
    Found 1-bit register for signal <GRF_0<104>>.
    Found 1-bit register for signal <GRF_0<103>>.
    Found 1-bit register for signal <GRF_0<102>>.
    Found 1-bit register for signal <GRF_0<101>>.
    Found 1-bit register for signal <GRF_0<100>>.
    Found 1-bit register for signal <GRF_0<99>>.
    Found 1-bit register for signal <GRF_0<98>>.
    Found 1-bit register for signal <GRF_0<97>>.
    Found 1-bit register for signal <GRF_0<96>>.
    Found 1-bit register for signal <GRF_0<95>>.
    Found 1-bit register for signal <GRF_0<94>>.
    Found 1-bit register for signal <GRF_0<93>>.
    Found 1-bit register for signal <GRF_0<92>>.
    Found 1-bit register for signal <GRF_0<91>>.
    Found 1-bit register for signal <GRF_0<90>>.
    Found 1-bit register for signal <GRF_0<89>>.
    Found 1-bit register for signal <GRF_0<88>>.
    Found 1-bit register for signal <GRF_0<87>>.
    Found 1-bit register for signal <GRF_0<86>>.
    Found 1-bit register for signal <GRF_0<85>>.
    Found 1-bit register for signal <GRF_0<84>>.
    Found 1-bit register for signal <GRF_0<83>>.
    Found 1-bit register for signal <GRF_0<82>>.
    Found 1-bit register for signal <GRF_0<81>>.
    Found 1-bit register for signal <GRF_0<80>>.
    Found 1-bit register for signal <GRF_0<79>>.
    Found 1-bit register for signal <GRF_0<78>>.
    Found 1-bit register for signal <GRF_0<77>>.
    Found 1-bit register for signal <GRF_0<76>>.
    Found 1-bit register for signal <GRF_0<75>>.
    Found 1-bit register for signal <GRF_0<74>>.
    Found 1-bit register for signal <GRF_0<73>>.
    Found 1-bit register for signal <GRF_0<72>>.
    Found 1-bit register for signal <GRF_0<71>>.
    Found 1-bit register for signal <GRF_0<70>>.
    Found 1-bit register for signal <GRF_0<69>>.
    Found 1-bit register for signal <GRF_0<68>>.
    Found 1-bit register for signal <GRF_0<67>>.
    Found 1-bit register for signal <GRF_0<66>>.
    Found 1-bit register for signal <GRF_0<65>>.
    Found 1-bit register for signal <GRF_0<64>>.
    Found 1-bit register for signal <GRF_0<63>>.
    Found 1-bit register for signal <GRF_0<62>>.
    Found 1-bit register for signal <GRF_0<61>>.
    Found 1-bit register for signal <GRF_0<60>>.
    Found 1-bit register for signal <GRF_0<59>>.
    Found 1-bit register for signal <GRF_0<58>>.
    Found 1-bit register for signal <GRF_0<57>>.
    Found 1-bit register for signal <GRF_0<56>>.
    Found 1-bit register for signal <GRF_0<55>>.
    Found 1-bit register for signal <GRF_0<54>>.
    Found 1-bit register for signal <GRF_0<53>>.
    Found 1-bit register for signal <GRF_0<52>>.
    Found 1-bit register for signal <GRF_0<51>>.
    Found 1-bit register for signal <GRF_0<50>>.
    Found 1-bit register for signal <GRF_0<49>>.
    Found 1-bit register for signal <GRF_0<48>>.
    Found 1-bit register for signal <GRF_0<47>>.
    Found 1-bit register for signal <GRF_0<46>>.
    Found 1-bit register for signal <GRF_0<45>>.
    Found 1-bit register for signal <GRF_0<44>>.
    Found 1-bit register for signal <GRF_0<43>>.
    Found 1-bit register for signal <GRF_0<42>>.
    Found 1-bit register for signal <GRF_0<41>>.
    Found 1-bit register for signal <GRF_0<40>>.
    Found 1-bit register for signal <GRF_0<39>>.
    Found 1-bit register for signal <GRF_0<38>>.
    Found 1-bit register for signal <GRF_0<37>>.
    Found 1-bit register for signal <GRF_0<36>>.
    Found 1-bit register for signal <GRF_0<35>>.
    Found 1-bit register for signal <GRF_0<34>>.
    Found 1-bit register for signal <GRF_0<33>>.
    Found 1-bit register for signal <GRF_0<32>>.
    Found 1-bit register for signal <GRF_0<31>>.
    Found 1-bit register for signal <GRF_0<30>>.
    Found 1-bit register for signal <GRF_0<29>>.
    Found 1-bit register for signal <GRF_0<28>>.
    Found 1-bit register for signal <GRF_0<27>>.
    Found 1-bit register for signal <GRF_0<26>>.
    Found 1-bit register for signal <GRF_0<25>>.
    Found 1-bit register for signal <GRF_0<24>>.
    Found 1-bit register for signal <GRF_0<23>>.
    Found 1-bit register for signal <GRF_0<22>>.
    Found 1-bit register for signal <GRF_0<21>>.
    Found 1-bit register for signal <GRF_0<20>>.
    Found 1-bit register for signal <GRF_0<19>>.
    Found 1-bit register for signal <GRF_0<18>>.
    Found 1-bit register for signal <GRF_0<17>>.
    Found 1-bit register for signal <GRF_0<16>>.
    Found 1-bit register for signal <GRF_0<15>>.
    Found 1-bit register for signal <GRF_0<14>>.
    Found 1-bit register for signal <GRF_0<13>>.
    Found 1-bit register for signal <GRF_0<12>>.
    Found 1-bit register for signal <GRF_0<11>>.
    Found 1-bit register for signal <GRF_0<10>>.
    Found 1-bit register for signal <GRF_0<9>>.
    Found 1-bit register for signal <GRF_0<8>>.
    Found 1-bit register for signal <GRF_0<7>>.
    Found 1-bit register for signal <GRF_0<6>>.
    Found 1-bit register for signal <GRF_0<5>>.
    Found 1-bit register for signal <GRF_0<4>>.
    Found 1-bit register for signal <GRF_0<3>>.
    Found 1-bit register for signal <GRF_0<2>>.
    Found 1-bit register for signal <GRF_0<1>>.
    Found 1-bit register for signal <GRF_0<0>>.
    Summary:
	inferred 1024 D-type flip-flop(s).
Unit <GRF> synthesized.

Synthesizing Unit <CMP>.
    Related source file is "D:\BUAA\CS\ComputerOrgan\ISE\P8\CMP.v".
    Summary:
	no macro.
Unit <CMP> synthesized.

Synthesizing Unit <IDEX>.
    Related source file is "D:\BUAA\CS\ComputerOrgan\ISE\P8\IDEX.v".
    Found 1-bit register for signal <A3<4>>.
    Found 1-bit register for signal <A3<3>>.
    Found 1-bit register for signal <A3<2>>.
    Found 1-bit register for signal <A3<1>>.
    Found 1-bit register for signal <A3<0>>.
    Found 1-bit register for signal <A2<4>>.
    Found 1-bit register for signal <A2<3>>.
    Found 1-bit register for signal <A2<2>>.
    Found 1-bit register for signal <A2<1>>.
    Found 1-bit register for signal <A2<0>>.
    Found 1-bit register for signal <A1<4>>.
    Found 1-bit register for signal <A1<3>>.
    Found 1-bit register for signal <A1<2>>.
    Found 1-bit register for signal <A1<1>>.
    Found 1-bit register for signal <A1<0>>.
    Found 1-bit register for signal <V2<31>>.
    Found 1-bit register for signal <V2<30>>.
    Found 1-bit register for signal <V2<29>>.
    Found 1-bit register for signal <V2<28>>.
    Found 1-bit register for signal <V2<27>>.
    Found 1-bit register for signal <V2<26>>.
    Found 1-bit register for signal <V2<25>>.
    Found 1-bit register for signal <V2<24>>.
    Found 1-bit register for signal <V2<23>>.
    Found 1-bit register for signal <V2<22>>.
    Found 1-bit register for signal <V2<21>>.
    Found 1-bit register for signal <V2<20>>.
    Found 1-bit register for signal <V2<19>>.
    Found 1-bit register for signal <V2<18>>.
    Found 1-bit register for signal <V2<17>>.
    Found 1-bit register for signal <V2<16>>.
    Found 1-bit register for signal <V2<15>>.
    Found 1-bit register for signal <V2<14>>.
    Found 1-bit register for signal <V2<13>>.
    Found 1-bit register for signal <V2<12>>.
    Found 1-bit register for signal <V2<11>>.
    Found 1-bit register for signal <V2<10>>.
    Found 1-bit register for signal <V2<9>>.
    Found 1-bit register for signal <V2<8>>.
    Found 1-bit register for signal <V2<7>>.
    Found 1-bit register for signal <V2<6>>.
    Found 1-bit register for signal <V2<5>>.
    Found 1-bit register for signal <V2<4>>.
    Found 1-bit register for signal <V2<3>>.
    Found 1-bit register for signal <V2<2>>.
    Found 1-bit register for signal <V2<1>>.
    Found 1-bit register for signal <V2<0>>.
    Found 1-bit register for signal <V1<31>>.
    Found 1-bit register for signal <V1<30>>.
    Found 1-bit register for signal <V1<29>>.
    Found 1-bit register for signal <V1<28>>.
    Found 1-bit register for signal <V1<27>>.
    Found 1-bit register for signal <V1<26>>.
    Found 1-bit register for signal <V1<25>>.
    Found 1-bit register for signal <V1<24>>.
    Found 1-bit register for signal <V1<23>>.
    Found 1-bit register for signal <V1<22>>.
    Found 1-bit register for signal <V1<21>>.
    Found 1-bit register for signal <V1<20>>.
    Found 1-bit register for signal <V1<19>>.
    Found 1-bit register for signal <V1<18>>.
    Found 1-bit register for signal <V1<17>>.
    Found 1-bit register for signal <V1<16>>.
    Found 1-bit register for signal <V1<15>>.
    Found 1-bit register for signal <V1<14>>.
    Found 1-bit register for signal <V1<13>>.
    Found 1-bit register for signal <V1<12>>.
    Found 1-bit register for signal <V1<11>>.
    Found 1-bit register for signal <V1<10>>.
    Found 1-bit register for signal <V1<9>>.
    Found 1-bit register for signal <V1<8>>.
    Found 1-bit register for signal <V1<7>>.
    Found 1-bit register for signal <V1<6>>.
    Found 1-bit register for signal <V1<5>>.
    Found 1-bit register for signal <V1<4>>.
    Found 1-bit register for signal <V1<3>>.
    Found 1-bit register for signal <V1<2>>.
    Found 1-bit register for signal <V1<1>>.
    Found 1-bit register for signal <V1<0>>.
    Found 1-bit register for signal <E32_sign<31>>.
    Found 1-bit register for signal <E32_sign<30>>.
    Found 1-bit register for signal <E32_sign<29>>.
    Found 1-bit register for signal <E32_sign<28>>.
    Found 1-bit register for signal <E32_sign<27>>.
    Found 1-bit register for signal <E32_sign<26>>.
    Found 1-bit register for signal <E32_sign<25>>.
    Found 1-bit register for signal <E32_sign<24>>.
    Found 1-bit register for signal <E32_sign<23>>.
    Found 1-bit register for signal <E32_sign<22>>.
    Found 1-bit register for signal <E32_sign<21>>.
    Found 1-bit register for signal <E32_sign<20>>.
    Found 1-bit register for signal <E32_sign<19>>.
    Found 1-bit register for signal <E32_sign<18>>.
    Found 1-bit register for signal <E32_sign<17>>.
    Found 1-bit register for signal <E32_sign<16>>.
    Found 1-bit register for signal <E32_sign<15>>.
    Found 1-bit register for signal <E32_sign<14>>.
    Found 1-bit register for signal <E32_sign<13>>.
    Found 1-bit register for signal <E32_sign<12>>.
    Found 1-bit register for signal <E32_sign<11>>.
    Found 1-bit register for signal <E32_sign<10>>.
    Found 1-bit register for signal <E32_sign<9>>.
    Found 1-bit register for signal <E32_sign<8>>.
    Found 1-bit register for signal <E32_sign<7>>.
    Found 1-bit register for signal <E32_sign<6>>.
    Found 1-bit register for signal <E32_sign<5>>.
    Found 1-bit register for signal <E32_sign<4>>.
    Found 1-bit register for signal <E32_sign<3>>.
    Found 1-bit register for signal <E32_sign<2>>.
    Found 1-bit register for signal <E32_sign<1>>.
    Found 1-bit register for signal <E32_sign<0>>.
    Found 1-bit register for signal <E32_zero<31>>.
    Found 1-bit register for signal <E32_zero<30>>.
    Found 1-bit register for signal <E32_zero<29>>.
    Found 1-bit register for signal <E32_zero<28>>.
    Found 1-bit register for signal <E32_zero<27>>.
    Found 1-bit register for signal <E32_zero<26>>.
    Found 1-bit register for signal <E32_zero<25>>.
    Found 1-bit register for signal <E32_zero<24>>.
    Found 1-bit register for signal <E32_zero<23>>.
    Found 1-bit register for signal <E32_zero<22>>.
    Found 1-bit register for signal <E32_zero<21>>.
    Found 1-bit register for signal <E32_zero<20>>.
    Found 1-bit register for signal <E32_zero<19>>.
    Found 1-bit register for signal <E32_zero<18>>.
    Found 1-bit register for signal <E32_zero<17>>.
    Found 1-bit register for signal <E32_zero<16>>.
    Found 1-bit register for signal <E32_zero<15>>.
    Found 1-bit register for signal <E32_zero<14>>.
    Found 1-bit register for signal <E32_zero<13>>.
    Found 1-bit register for signal <E32_zero<12>>.
    Found 1-bit register for signal <E32_zero<11>>.
    Found 1-bit register for signal <E32_zero<10>>.
    Found 1-bit register for signal <E32_zero<9>>.
    Found 1-bit register for signal <E32_zero<8>>.
    Found 1-bit register for signal <E32_zero<7>>.
    Found 1-bit register for signal <E32_zero<6>>.
    Found 1-bit register for signal <E32_zero<5>>.
    Found 1-bit register for signal <E32_zero<4>>.
    Found 1-bit register for signal <E32_zero<3>>.
    Found 1-bit register for signal <E32_zero<2>>.
    Found 1-bit register for signal <E32_zero<1>>.
    Found 1-bit register for signal <E32_zero<0>>.
    Found 1-bit register for signal <E32_lui<31>>.
    Found 1-bit register for signal <E32_lui<30>>.
    Found 1-bit register for signal <E32_lui<29>>.
    Found 1-bit register for signal <E32_lui<28>>.
    Found 1-bit register for signal <E32_lui<27>>.
    Found 1-bit register for signal <E32_lui<26>>.
    Found 1-bit register for signal <E32_lui<25>>.
    Found 1-bit register for signal <E32_lui<24>>.
    Found 1-bit register for signal <E32_lui<23>>.
    Found 1-bit register for signal <E32_lui<22>>.
    Found 1-bit register for signal <E32_lui<21>>.
    Found 1-bit register for signal <E32_lui<20>>.
    Found 1-bit register for signal <E32_lui<19>>.
    Found 1-bit register for signal <E32_lui<18>>.
    Found 1-bit register for signal <E32_lui<17>>.
    Found 1-bit register for signal <E32_lui<16>>.
    Found 1-bit register for signal <E32_lui<15>>.
    Found 1-bit register for signal <E32_lui<14>>.
    Found 1-bit register for signal <E32_lui<13>>.
    Found 1-bit register for signal <E32_lui<12>>.
    Found 1-bit register for signal <E32_lui<11>>.
    Found 1-bit register for signal <E32_lui<10>>.
    Found 1-bit register for signal <E32_lui<9>>.
    Found 1-bit register for signal <E32_lui<8>>.
    Found 1-bit register for signal <E32_lui<7>>.
    Found 1-bit register for signal <E32_lui<6>>.
    Found 1-bit register for signal <E32_lui<5>>.
    Found 1-bit register for signal <E32_lui<4>>.
    Found 1-bit register for signal <E32_lui<3>>.
    Found 1-bit register for signal <E32_lui<2>>.
    Found 1-bit register for signal <E32_lui<1>>.
    Found 1-bit register for signal <E32_lui<0>>.
    Found 1-bit register for signal <PCp4<31>>.
    Found 1-bit register for signal <PCp4<30>>.
    Found 1-bit register for signal <PCp4<29>>.
    Found 1-bit register for signal <PCp4<28>>.
    Found 1-bit register for signal <PCp4<27>>.
    Found 1-bit register for signal <PCp4<26>>.
    Found 1-bit register for signal <PCp4<25>>.
    Found 1-bit register for signal <PCp4<24>>.
    Found 1-bit register for signal <PCp4<23>>.
    Found 1-bit register for signal <PCp4<22>>.
    Found 1-bit register for signal <PCp4<21>>.
    Found 1-bit register for signal <PCp4<20>>.
    Found 1-bit register for signal <PCp4<19>>.
    Found 1-bit register for signal <PCp4<18>>.
    Found 1-bit register for signal <PCp4<17>>.
    Found 1-bit register for signal <PCp4<16>>.
    Found 1-bit register for signal <PCp4<15>>.
    Found 1-bit register for signal <PCp4<14>>.
    Found 1-bit register for signal <PCp4<13>>.
    Found 1-bit register for signal <PCp4<12>>.
    Found 1-bit register for signal <PCp4<11>>.
    Found 1-bit register for signal <PCp4<10>>.
    Found 1-bit register for signal <PCp4<9>>.
    Found 1-bit register for signal <PCp4<8>>.
    Found 1-bit register for signal <PCp4<7>>.
    Found 1-bit register for signal <PCp4<6>>.
    Found 1-bit register for signal <PCp4<5>>.
    Found 1-bit register for signal <PCp4<4>>.
    Found 1-bit register for signal <PCp4<3>>.
    Found 1-bit register for signal <PCp4<2>>.
    Found 1-bit register for signal <PCp4<1>>.
    Found 1-bit register for signal <PCp4<0>>.
    Found 1-bit register for signal <RegWrite>.
    Found 1-bit register for signal <MemtoReg>.
    Found 1-bit register for signal <MemWrite>.
    Found 1-bit register for signal <ALUSrc<1>>.
    Found 1-bit register for signal <ALUSrc<0>>.
    Found 1-bit register for signal <ALUControl<3>>.
    Found 1-bit register for signal <ALUControl<2>>.
    Found 1-bit register for signal <ALUControl<1>>.
    Found 1-bit register for signal <ALUControl<0>>.
    Found 1-bit register for signal <Link<1>>.
    Found 1-bit register for signal <Link<0>>.
    Found 1-bit register for signal <OverflowD>.
    Found 1-bit register for signal <CP0WE>.
    Found 1-bit register for signal <X<4>>.
    Found 1-bit register for signal <X<3>>.
    Found 1-bit register for signal <X<2>>.
    Found 1-bit register for signal <X<1>>.
    Found 1-bit register for signal <X<0>>.
    Found 1-bit register for signal <AWAY>.
    Found 1-bit register for signal <IR<31>>.
    Found 1-bit register for signal <IR<30>>.
    Found 1-bit register for signal <IR<29>>.
    Found 1-bit register for signal <IR<28>>.
    Found 1-bit register for signal <IR<27>>.
    Found 1-bit register for signal <IR<26>>.
    Found 1-bit register for signal <IR<25>>.
    Found 1-bit register for signal <IR<24>>.
    Found 1-bit register for signal <IR<23>>.
    Found 1-bit register for signal <IR<22>>.
    Found 1-bit register for signal <IR<21>>.
    Found 1-bit register for signal <IR<20>>.
    Found 1-bit register for signal <IR<19>>.
    Found 1-bit register for signal <IR<18>>.
    Found 1-bit register for signal <IR<17>>.
    Found 1-bit register for signal <IR<16>>.
    Found 1-bit register for signal <IR<15>>.
    Found 1-bit register for signal <IR<14>>.
    Found 1-bit register for signal <IR<13>>.
    Found 1-bit register for signal <IR<12>>.
    Found 1-bit register for signal <IR<11>>.
    Found 1-bit register for signal <IR<10>>.
    Found 1-bit register for signal <IR<9>>.
    Found 1-bit register for signal <IR<8>>.
    Found 1-bit register for signal <IR<7>>.
    Found 1-bit register for signal <IR<6>>.
    Found 1-bit register for signal <IR<5>>.
    Found 1-bit register for signal <IR<4>>.
    Found 1-bit register for signal <IR<3>>.
    Found 1-bit register for signal <IR<2>>.
    Found 1-bit register for signal <IR<1>>.
    Found 1-bit register for signal <IR<0>>.
    Summary:
	inferred 258 D-type flip-flop(s).
Unit <IDEX> synthesized.

Synthesizing Unit <ALU>.
    Related source file is "D:\BUAA\CS\ComputerOrgan\ISE\P8\ALU.v".
    Summary:
	no macro.
Unit <ALU> synthesized.

Synthesizing Unit <EXMEM>.
    Related source file is "D:\BUAA\CS\ComputerOrgan\ISE\P8\EXMEM.v".
    Found 1-bit register for signal <A3<4>>.
    Found 1-bit register for signal <A3<3>>.
    Found 1-bit register for signal <A3<2>>.
    Found 1-bit register for signal <A3<1>>.
    Found 1-bit register for signal <A3<0>>.
    Found 1-bit register for signal <A2<4>>.
    Found 1-bit register for signal <A2<3>>.
    Found 1-bit register for signal <A2<2>>.
    Found 1-bit register for signal <A2<1>>.
    Found 1-bit register for signal <A2<0>>.
    Found 1-bit register for signal <V2<31>>.
    Found 1-bit register for signal <V2<30>>.
    Found 1-bit register for signal <V2<29>>.
    Found 1-bit register for signal <V2<28>>.
    Found 1-bit register for signal <V2<27>>.
    Found 1-bit register for signal <V2<26>>.
    Found 1-bit register for signal <V2<25>>.
    Found 1-bit register for signal <V2<24>>.
    Found 1-bit register for signal <V2<23>>.
    Found 1-bit register for signal <V2<22>>.
    Found 1-bit register for signal <V2<21>>.
    Found 1-bit register for signal <V2<20>>.
    Found 1-bit register for signal <V2<19>>.
    Found 1-bit register for signal <V2<18>>.
    Found 1-bit register for signal <V2<17>>.
    Found 1-bit register for signal <V2<16>>.
    Found 1-bit register for signal <V2<15>>.
    Found 1-bit register for signal <V2<14>>.
    Found 1-bit register for signal <V2<13>>.
    Found 1-bit register for signal <V2<12>>.
    Found 1-bit register for signal <V2<11>>.
    Found 1-bit register for signal <V2<10>>.
    Found 1-bit register for signal <V2<9>>.
    Found 1-bit register for signal <V2<8>>.
    Found 1-bit register for signal <V2<7>>.
    Found 1-bit register for signal <V2<6>>.
    Found 1-bit register for signal <V2<5>>.
    Found 1-bit register for signal <V2<4>>.
    Found 1-bit register for signal <V2<3>>.
    Found 1-bit register for signal <V2<2>>.
    Found 1-bit register for signal <V2<1>>.
    Found 1-bit register for signal <V2<0>>.
    Found 1-bit register for signal <AO<31>>.
    Found 1-bit register for signal <AO<30>>.
    Found 1-bit register for signal <AO<29>>.
    Found 1-bit register for signal <AO<28>>.
    Found 1-bit register for signal <AO<27>>.
    Found 1-bit register for signal <AO<26>>.
    Found 1-bit register for signal <AO<25>>.
    Found 1-bit register for signal <AO<24>>.
    Found 1-bit register for signal <AO<23>>.
    Found 1-bit register for signal <AO<22>>.
    Found 1-bit register for signal <AO<21>>.
    Found 1-bit register for signal <AO<20>>.
    Found 1-bit register for signal <AO<19>>.
    Found 1-bit register for signal <AO<18>>.
    Found 1-bit register for signal <AO<17>>.
    Found 1-bit register for signal <AO<16>>.
    Found 1-bit register for signal <AO<15>>.
    Found 1-bit register for signal <AO<14>>.
    Found 1-bit register for signal <AO<13>>.
    Found 1-bit register for signal <AO<12>>.
    Found 1-bit register for signal <AO<11>>.
    Found 1-bit register for signal <AO<10>>.
    Found 1-bit register for signal <AO<9>>.
    Found 1-bit register for signal <AO<8>>.
    Found 1-bit register for signal <AO<7>>.
    Found 1-bit register for signal <AO<6>>.
    Found 1-bit register for signal <AO<5>>.
    Found 1-bit register for signal <AO<4>>.
    Found 1-bit register for signal <AO<3>>.
    Found 1-bit register for signal <AO<2>>.
    Found 1-bit register for signal <AO<1>>.
    Found 1-bit register for signal <AO<0>>.
    Found 1-bit register for signal <PCp4<31>>.
    Found 1-bit register for signal <PCp4<30>>.
    Found 1-bit register for signal <PCp4<29>>.
    Found 1-bit register for signal <PCp4<28>>.
    Found 1-bit register for signal <PCp4<27>>.
    Found 1-bit register for signal <PCp4<26>>.
    Found 1-bit register for signal <PCp4<25>>.
    Found 1-bit register for signal <PCp4<24>>.
    Found 1-bit register for signal <PCp4<23>>.
    Found 1-bit register for signal <PCp4<22>>.
    Found 1-bit register for signal <PCp4<21>>.
    Found 1-bit register for signal <PCp4<20>>.
    Found 1-bit register for signal <PCp4<19>>.
    Found 1-bit register for signal <PCp4<18>>.
    Found 1-bit register for signal <PCp4<17>>.
    Found 1-bit register for signal <PCp4<16>>.
    Found 1-bit register for signal <PCp4<15>>.
    Found 1-bit register for signal <PCp4<14>>.
    Found 1-bit register for signal <PCp4<13>>.
    Found 1-bit register for signal <PCp4<12>>.
    Found 1-bit register for signal <PCp4<11>>.
    Found 1-bit register for signal <PCp4<10>>.
    Found 1-bit register for signal <PCp4<9>>.
    Found 1-bit register for signal <PCp4<8>>.
    Found 1-bit register for signal <PCp4<7>>.
    Found 1-bit register for signal <PCp4<6>>.
    Found 1-bit register for signal <PCp4<5>>.
    Found 1-bit register for signal <PCp4<4>>.
    Found 1-bit register for signal <PCp4<3>>.
    Found 1-bit register for signal <PCp4<2>>.
    Found 1-bit register for signal <PCp4<1>>.
    Found 1-bit register for signal <PCp4<0>>.
    Found 1-bit register for signal <RegWrite>.
    Found 1-bit register for signal <MemtoReg>.
    Found 1-bit register for signal <MemWrite>.
    Found 1-bit register for signal <Link<1>>.
    Found 1-bit register for signal <Link<0>>.
    Found 1-bit register for signal <CP0WE>.
    Found 1-bit register for signal <X<4>>.
    Found 1-bit register for signal <X<3>>.
    Found 1-bit register for signal <X<2>>.
    Found 1-bit register for signal <X<1>>.
    Found 1-bit register for signal <X<0>>.
    Found 1-bit register for signal <AWAY>.
    Found 1-bit register for signal <IR<31>>.
    Found 1-bit register for signal <IR<30>>.
    Found 1-bit register for signal <IR<29>>.
    Found 1-bit register for signal <IR<28>>.
    Found 1-bit register for signal <IR<27>>.
    Found 1-bit register for signal <IR<26>>.
    Found 1-bit register for signal <IR<25>>.
    Found 1-bit register for signal <IR<24>>.
    Found 1-bit register for signal <IR<23>>.
    Found 1-bit register for signal <IR<22>>.
    Found 1-bit register for signal <IR<21>>.
    Found 1-bit register for signal <IR<20>>.
    Found 1-bit register for signal <IR<19>>.
    Found 1-bit register for signal <IR<18>>.
    Found 1-bit register for signal <IR<17>>.
    Found 1-bit register for signal <IR<16>>.
    Found 1-bit register for signal <IR<15>>.
    Found 1-bit register for signal <IR<14>>.
    Found 1-bit register for signal <IR<13>>.
    Found 1-bit register for signal <IR<12>>.
    Found 1-bit register for signal <IR<11>>.
    Found 1-bit register for signal <IR<10>>.
    Found 1-bit register for signal <IR<9>>.
    Found 1-bit register for signal <IR<8>>.
    Found 1-bit register for signal <IR<7>>.
    Found 1-bit register for signal <IR<6>>.
    Found 1-bit register for signal <IR<5>>.
    Found 1-bit register for signal <IR<4>>.
    Found 1-bit register for signal <IR<3>>.
    Found 1-bit register for signal <IR<2>>.
    Found 1-bit register for signal <IR<1>>.
    Found 1-bit register for signal <IR<0>>.
    Summary:
	inferred 150 D-type flip-flop(s).
Unit <EXMEM> synthesized.

Synthesizing Unit <MemCoder>.
    Related source file is "D:\BUAA\CS\ComputerOrgan\ISE\P8\MemCoder.v".
WARNING:Xst:647 - Input <IR_EXMEM<25:0>> is never used. This port will be preserved and left unconnected if it belongs to a top-level block or it belongs to a sub-block and the hierarchy of this sub-block is preserved.
    Summary:
	no macro.
Unit <MemCoder> synthesized.
