ISim log file
Running: D:\BUAA\CS\ComputerOrgan\ISE\P6\MIPS\TB_isim_beh.exe -intstyle ise -gui -tclbatch isim.cmd -wdb D:/BUAA/CS/ComputerOrgan/ISE/P6/MIPS/TB_isim_beh.wdb 
ISim P.20131013 (signature 0x8ef4fb42)
WARNING: A WEBPACK license was found.
WARNING: Please use Xilinx License Configuration Manager to check out a full ISim license.
WARNING: ISim will run in Lite mode. Please refer to the ISim documentation for more information on the differences between the Lite and the Full version.
This is a Lite version of ISim.
Time resolution is 1 ps
# onerror resume
# wave add /
# run 1000 ns
Simulator is doing circuit initialization process.
Finished circuit initialization process.
                   9@00003000: $ 8 <= 0000fc01
                   9@00003004: $SR <= 0000fc01
                  13@00003008: $ 1 <= 00000000
                  15@0000300c: $ 1 <= 00007f00
                  17@00003010: $16 <= 00007f00
                  19@00003014: $ 1 <= 00000000
                  21@00003018: $ 1 <= 00007f10
                  23@0000301c: $17 <= 00007f10
                  25@00003020: $ 8 <= 00000007
                  25@00003024: *00007f04 <= 00000007
                  27@00003028: *00007f14 <= 00000007
                  31@0000302c: $ 8 <= 00000009
                  31@00003030: *00007f00 <= 00000009
                  33@00003034: *00007f10 <= 00000009
                  37@00003038: $31 <= 00003040
                  39@0000303c: $17 <= 00e90000
                  41@0000308c: $ 8 <= 00000007
                  43@00003090: $11 <= 00010000
                  45@00003094: $16 <= 00000004
                  47@00003098: $ 9 <= 00000037
                  49@0000309c: $17 <= 00000000
                  51@000030a4: $SR <= 0000fc03
                  51@000030a4: $BD,$Int,$Exc <= 0, 1, 0
                  51@000030a4: $EPC <= 000030a4
                  61@00004180: $15 <= 000030a4
                  63@00004184: $ 1 <= 00000000
                  65@00004188: $ 1 <= 00000004
                  67@0000418c: $15 <= 000030a8
                  67@00004190: $EPC <= 000030a8
                  71@00004194: $ 1 <= 00000000
                  73@00004198: $ 1 <= 00007f00
                  75@0000419c: $18 <= 00007f00
                  77@000041a0: $ 1 <= 00000000
                  79@000041a4: $ 1 <= 00007f10
                  81@000041a8: $19 <= 00007f10
                  83@000041ac: $ 8 <= 00000009
                  83@000041b0: *00007f00 <= 00000000
                  85@000041b4: *00007f10 <= 00000000
                  87@000041b8: *00007f00 <= 00000009
                  89@000041bc: *00007f10 <= 00000009
                  91@000041c0: $SR <= 0000fc01
                  97@000030a8: $18 <= 00020000
                 101@000030b0: $12 <= 00010000
                 105@000030b8: $17 <= 014e0000
                 105@00003040: *00000004 <= 00000009
                 107@00003044: $SR <= 0000fc03
                 107@00003044: $BD,$Int,$Exc <= 0, 1, 0
                 107@00003044: $EPC <= 00003044
                 117@00004180: $15 <= 00003044
                 119@00004184: $ 1 <= 00000000
                 121@00004188: $ 1 <= 00000004
                 123@0000418c: $15 <= 00003048
                 123@00004190: $EPC <= 00003048
                 127@00004194: $ 1 <= 00000000
                 129@00004198: $ 1 <= 00007f00
                 131@0000419c: $18 <= 00007f00
                 133@000041a0: $ 1 <= 00000000
                 135@000041a4: $ 1 <= 00007f10
                 137@000041a8: $19 <= 00007f10
                 139@000041ac: $ 8 <= 00000009
                 139@000041b0: *00007f00 <= 00000000
                 141@000041b4: *00007f10 <= 00000000
                 143@000041b8: *00007f00 <= 00000009
                 145@000041bc: *00007f10 <= 00000009
                 147@000041c0: $SR <= 0000fc01
                 151@00003048: *0000000c <= 00000000
                 153@0000304c: *00000010 <= 00010000
                 157@00003050: $19 <= 00030000
                 159@00003054: $20 <= 00040000
                 161@00003058: $11 <= 00000009
                 163@0000305c: $10 <= 00000000
                 163@00003060: $SR <= 0000fc03
                 163@00003060: $BD,$Int,$Exc <= 0, 1, 0
                 163@00003060: $EPC <= 00003060
                 173@00004180: $15 <= 00003060
                 175@00004184: $ 1 <= 00000000
                 177@00004188: $ 1 <= 00000004
                 179@0000418c: $15 <= 00003064
                 179@00004190: $EPC <= 00003064
                 183@00004194: $ 1 <= 00000000
                 185@00004198: $ 1 <= 00007f00
                 187@0000419c: $18 <= 00007f00
                 189@000041a0: $ 1 <= 00000000
                 191@000041a4: $ 1 <= 00007f10
                 193@000041a8: $19 <= 00007f10
                 195@000041ac: $ 8 <= 00000009
                 195@000041b0: *00007f00 <= 00000000
                 197@000041b4: *00007f10 <= 00000000
                 199@000041b8: *00007f00 <= 00000009
                 201@000041bc: *00007f10 <= 00000009
                 203@000041c0: $SR <= 0000fc01
                 209@00003064: $ 8 <= 00010000
                 213@0000306c: $12 <= 00000037
                 215@00003070: $21 <= 00050000
                 217@00003074: $22 <= 00060000
                 219@0000307c: $SR <= 0000fc03
                 219@0000307c: $BD,$Int,$Exc <= 0, 1, 0
                 219@0000307c: $EPC <= 0000307c
                 229@00004180: $15 <= 0000307c
                 231@00004184: $ 1 <= 00000000
                 233@00004188: $ 1 <= 00000004
                 235@0000418c: $15 <= 00003080
                 235@00004190: $EPC <= 00003080
                 239@00004194: $ 1 <= 00000000
                 241@00004198: $ 1 <= 00007f00
                 243@0000419c: $18 <= 00007f00
                 245@000041a0: $ 1 <= 00000000
                 247@000041a4: $ 1 <= 00007f10
                 249@000041a8: $19 <= 00007f10
                 251@000041ac: $ 8 <= 00000009
                 251@000041b0: *00007f00 <= 00000000
                 253@000041b4: *00007f10 <= 00000000
                 255@000041b8: *00007f00 <= 00000009
                 257@000041bc: *00007f10 <= 00000009
                 259@000041c0: $SR <= 0000fc01
                 265@00003080: $18 <= 029a0000
                 269@00003088: $17 <= 01bd0000
                 269@000030bc: $SR <= 0000fc03
                 269@000030bc: $BD,$Int,$Exc <= 0, 0, 4
                 269@000030bc: $EPC <= 000030bc
                 279@00004180: $15 <= 000030bc
                 281@00004184: $ 1 <= 00000000
                 283@00004188: $ 1 <= 00000004
                 285@0000418c: $15 <= 000030c0
                 285@00004190: $EPC <= 000030c0
                 289@00004194: $ 1 <= 00000000
                 291@00004198: $ 1 <= 00007f00
                 293@0000419c: $18 <= 00007f00
                 295@000041a0: $ 1 <= 00000000
                 297@000041a4: $ 1 <= 00007f10
                 299@000041a8: $19 <= 00007f10
                 301@000041ac: $ 8 <= 00000009
                 301@000041b0: *00007f00 <= 00000000
                 303@000041b4: *00007f10 <= 00000000
                 305@000041b8: *00007f00 <= 00000009
                 307@000041bc: *00007f10 <= 00000009
                 309@000041c0: $SR <= 0000fc01
                 313@000030c0: $SR <= 0000fc03
                 313@000030c0: $BD,$Int,$Exc <= 0, 0, 5
                 313@000030c0: $EPC <= 000030c0
                 323@00004180: $15 <= 000030c0
                 325@00004184: $ 1 <= 00000000
                 327@00004188: $ 1 <= 00000004
                 329@0000418c: $15 <= 000030c4
                 329@00004190: $EPC <= 000030c4
                 333@00004194: $ 1 <= 00000000
                 335@00004198: $ 1 <= 00007f00
                 337@0000419c: $18 <= 00007f00
                 339@000041a0: $ 1 <= 00000000
                 341@000041a4: $ 1 <= 00007f10
                 343@000041a8: $19 <= 00007f10
                 345@000041ac: $ 8 <= 00000009
                 345@000041b0: *00007f00 <= 00000000
                 347@000041b4: *00007f10 <= 00000000
                 349@000041b8: *00007f00 <= 00000009
                 351@000041bc: *00007f10 <= 00000009
                 353@000041c0: $SR <= 0000fc01
                 359@000030c4: $16 <= 00000001
                 361@000030c8: $17 <= 00000009
                 361@000030cc: $SR <= 0000fc03
                 361@000030cc: $BD,$Int,$Exc <= 0, 0, 4
                 361@000030cc: $EPC <= 000030cc
                 371@00004180: $15 <= 000030cc
                 373@00004184: $ 1 <= 00000000
                 375@00004188: $ 1 <= 00000004
                 377@0000418c: $15 <= 000030d0
                 377@00004190: $EPC <= 000030d0
                 381@00004194: $ 1 <= 00000000
                 383@00004198: $ 1 <= 00007f00
                 385@0000419c: $18 <= 00007f00
                 387@000041a0: $ 1 <= 00000000
                 389@000041a4: $ 1 <= 00007f10
                 391@000041a8: $19 <= 00007f10
                 393@000041ac: $ 8 <= 00000009
                 393@000041b0: *00007f00 <= 00000000
                 395@000041b4: *00007f10 <= 00000000
                 397@000041b8: *00007f00 <= 00000009
                 399@000041bc: *00007f10 <= 00000009
                 401@000041c0: $SR <= 0000fc01
                 405@000030d0: $SR <= 0000fc03
                 405@000030d0: $BD,$Int,$Exc <= 0, 0, 5
                 405@000030d0: $EPC <= 000030d0
                 415@00004180: $15 <= 000030d0
                 417@00004184: $ 1 <= 00000000
                 419@00004188: $ 1 <= 00000004
                 421@0000418c: $15 <= 000030d4
                 421@00004190: $EPC <= 000030d4
                 425@00004194: $ 1 <= 00000000
                 427@00004198: $ 1 <= 00007f00
                 429@0000419c: $18 <= 00007f00
                 431@000041a0: $ 1 <= 00000000
                 433@000041a4: $ 1 <= 00007f10
                 435@000041a8: $19 <= 00007f10
                 437@000041ac: $ 8 <= 00000009
                 437@000041b0: *00007f00 <= 00000000
                 439@000041b4: *00007f10 <= 00000000
                 441@000041b8: *00007f00 <= 00000009
                 443@000041bc: *00007f10 <= 00000009
                 445@000041c0: $SR <= 0000fc01
                 449@000030d4: *00000008 <= 00000000
                 453@000030d8: $ 9 <= 00000001
                 455@000030dc: $10 <= 7fff0000
                 457@000030e0: $10 <= 7fffffff
                 457@000030e4: $SR <= 0000fc03
                 457@000030e4: $BD,$Int,$Exc <= 0, 0,12
                 457@000030e4: $EPC <= 000030e4
                 467@00004180: $15 <= 000030e4
                 469@00004184: $ 1 <= 00000000
                 471@00004188: $ 1 <= 00000004
                 473@0000418c: $15 <= 000030e8
                 473@00004190: $EPC <= 000030e8
                 477@00004194: $ 1 <= 00000000
                 479@00004198: $ 1 <= 00007f00
                 481@0000419c: $18 <= 00007f00
                 483@000041a0: $ 1 <= 00000000
                 485@000041a4: $ 1 <= 00007f10
                 487@000041a8: $19 <= 00007f10
                 489@000041ac: $ 8 <= 00000009
                 489@000041b0: *00007f00 <= 00000000
                 491@000041b4: *00007f10 <= 00000000
                 493@000041b8: *00007f00 <= 00000009
                 495@000041bc: *00007f10 <= 00000009
                 497@000041c0: $SR <= 0000fc01
                 503@000030e8: $11 <= ffffffff
                 505@000030ec: $11 <= 80000000
                 505@000030f0: $SR <= 0000fc03
                 505@000030f0: $BD,$Int,$Exc <= 0, 0,12
                 505@000030f0: $EPC <= 000030f0
                 515@00004180: $15 <= 000030f0
                 517@00004184: $ 1 <= 00000000
                 519@00004188: $ 1 <= 00000004
                 521@0000418c: $15 <= 000030f4
                 521@00004190: $EPC <= 000030f4
                 525@00004194: $ 1 <= 00000000
                 527@00004198: $ 1 <= 00007f00
                 529@0000419c: $18 <= 00007f00
                 531@000041a0: $ 1 <= 00000000
                 533@000041a4: $ 1 <= 00007f10
                 535@000041a8: $19 <= 00007f10
                 537@000041ac: $ 8 <= 00000009
                 537@000041b0: *00007f00 <= 00000000
                 539@000041b4: *00007f10 <= 00000000
                 541@000041b8: *00007f00 <= 00000009
                 543@000041bc: *00007f10 <= 00000009
                 545@000041c0: $SR <= 0000fc01
                 561@0000310c: $SR <= 0000fc03
                 561@0000310c: $BD,$Int,$Exc <= 0, 1, 0
                 561@0000310c: $EPC <= 0000310c
                 571@00004180: $15 <= 0000310c
                 573@00004184: $ 1 <= 00000000
                 575@00004188: $ 1 <= 00000004
                 577@0000418c: $15 <= 00003110
                 577@00004190: $EPC <= 00003110
                 581@00004194: $ 1 <= 00000000
                 583@00004198: $ 1 <= 00007f00
                 585@0000419c: $18 <= 00007f00
                 587@000041a0: $ 1 <= 00000000
                 589@000041a4: $ 1 <= 00007f10
                 591@000041a8: $19 <= 00007f10
                 593@000041ac: $ 8 <= 00000009
                 593@000041b0: *00007f00 <= 00000000
                 595@000041b4: *00007f10 <= 00000000
                 597@000041b8: *00007f00 <= 00000009
                 599@000041bc: *00007f10 <= 00000009
                 601@000041c0: $SR <= 0000fc01
                 617@00003128: $SR <= 0000fc03
                 617@00003128: $BD,$Int,$Exc <= 0, 1, 0
                 617@00003128: $EPC <= 00003128
                 627@00004180: $15 <= 00003128
                 629@00004184: $ 1 <= 00000000
                 631@00004188: $ 1 <= 00000004
                 633@0000418c: $15 <= 0000312c
                 633@00004190: $EPC <= 0000312c
                 637@00004194: $ 1 <= 00000000
                 639@00004198: $ 1 <= 00007f00
                 641@0000419c: $18 <= 00007f00
                 643@000041a0: $ 1 <= 00000000
                 645@000041a4: $ 1 <= 00007f10
                 647@000041a8: $19 <= 00007f10
                 649@000041ac: $ 8 <= 00000009
                 649@000041b0: *00007f00 <= 00000000
                 651@000041b4: *00007f10 <= 00000000
                 653@000041b8: *00007f00 <= 00000009
                 655@000041bc: *00007f10 <= 00000009
                 657@000041c0: $SR <= 0000fc01
                 673@00003144: $SR <= 0000fc03
                 673@00003144: $BD,$Int,$Exc <= 0, 1, 0
                 673@00003144: $EPC <= 00003144
                 683@00004180: $15 <= 00003144
                 685@00004184: $ 1 <= 00000000
                 687@00004188: $ 1 <= 00000004
                 689@0000418c: $15 <= 00003148
                 689@00004190: $EPC <= 00003148
                 693@00004194: $ 1 <= 00000000
                 695@00004198: $ 1 <= 00007f00
                 697@0000419c: $18 <= 00007f00
                 699@000041a0: $ 1 <= 00000000
                 701@000041a4: $ 1 <= 00007f10
                 703@000041a8: $19 <= 00007f10
                 705@000041ac: $ 8 <= 00000009
                 705@000041b0: *00007f00 <= 00000000
                 707@000041b4: *00007f10 <= 00000000
                 709@000041b8: *00007f00 <= 00000009
                 711@000041bc: *00007f10 <= 00000009
                 713@000041c0: $SR <= 0000fc01
                 729@00003160: $SR <= 0000fc03
                 729@00003160: $BD,$Int,$Exc <= 0, 1, 0
                 729@00003160: $EPC <= 00003160
                 739@00004180: $15 <= 00003160
                 741@00004184: $ 1 <= 00000000
                 743@00004188: $ 1 <= 00000004
                 745@0000418c: $15 <= 00003164
                 745@00004190: $EPC <= 00003164
                 749@00004194: $ 1 <= 00000000
                 751@00004198: $ 1 <= 00007f00
                 753@0000419c: $18 <= 00007f00
                 755@000041a0: $ 1 <= 00000000
                 757@000041a4: $ 1 <= 00007f10
                 759@000041a8: $19 <= 00007f10
                 761@000041ac: $ 8 <= 00000009
                 761@000041b0: *00007f00 <= 00000000
                 763@000041b4: *00007f10 <= 00000000
                 765@000041b8: *00007f00 <= 00000009
                 767@000041bc: *00007f10 <= 00000009
                 769@000041c0: $SR <= 0000fc01
                 785@0000317c: $SR <= 0000fc03
                 785@0000317c: $BD,$Int,$Exc <= 0, 1, 0
                 785@0000317c: $EPC <= 0000317c
                 795@00004180: $15 <= 0000317c
                 797@00004184: $ 1 <= 00000000
                 799@00004188: $ 1 <= 00000004
                 801@0000418c: $15 <= 00003180
                 801@00004190: $EPC <= 00003180
                 805@00004194: $ 1 <= 00000000
                 807@00004198: $ 1 <= 00007f00
                 809@0000419c: $18 <= 00007f00
                 811@000041a0: $ 1 <= 00000000
                 813@000041a4: $ 1 <= 00007f10
                 815@000041a8: $19 <= 00007f10
                 817@000041ac: $ 8 <= 00000009
                 817@000041b0: *00007f00 <= 00000000
                 819@000041b4: *00007f10 <= 00000000
                 821@000041b8: *00007f00 <= 00000009
                 823@000041bc: *00007f10 <= 00000009
                 825@000041c0: $SR <= 0000fc01
                 841@00003198: $SR <= 0000fc03
                 841@00003198: $BD,$Int,$Exc <= 0, 1, 0
                 841@00003198: $EPC <= 00003198
                 851@00004180: $15 <= 00003198
                 853@00004184: $ 1 <= 00000000
                 855@00004188: $ 1 <= 00000004
                 857@0000418c: $15 <= 0000319c
                 857@00004190: $EPC <= 0000319c
                 861@00004194: $ 1 <= 00000000
                 863@00004198: $ 1 <= 00007f00
                 865@0000419c: $18 <= 00007f00
                 867@000041a0: $ 1 <= 00000000
                 869@000041a4: $ 1 <= 00007f10
                 871@000041a8: $19 <= 00007f10
                 873@000041ac: $ 8 <= 00000009
                 873@000041b0: *00007f00 <= 00000000
                 875@000041b4: *00007f10 <= 00000000
                 877@000041b8: *00007f00 <= 00000009
                 879@000041bc: *00007f10 <= 00000009
                 881@000041c0: $SR <= 0000fc01
                 897@000031b4: $SR <= 0000fc03
                 897@000031b4: $BD,$Int,$Exc <= 0, 1, 0
                 897@000031b4: $EPC <= 000031b4
                 907@00004180: $15 <= 000031b4
                 909@00004184: $ 1 <= 00000000
                 911@00004188: $ 1 <= 00000004
                 913@0000418c: $15 <= 000031b8
                 913@00004190: $EPC <= 000031b8
                 917@00004194: $ 1 <= 00000000
                 919@00004198: $ 1 <= 00007f00
                 921@0000419c: $18 <= 00007f00
                 923@000041a0: $ 1 <= 00000000
                 925@000041a4: $ 1 <= 00007f10
                 927@000041a8: $19 <= 00007f10
                 929@000041ac: $ 8 <= 00000009
                 929@000041b0: *00007f00 <= 00000000
                 931@000041b4: *00007f10 <= 00000000
                 933@000041b8: *00007f00 <= 00000009
                 935@000041bc: *00007f10 <= 00000009
                 937@000041c0: $SR <= 0000fc01
                 953@000031d0: $SR <= 0000fc03
                 953@000031d0: $BD,$Int,$Exc <= 0, 1, 0
                 953@000031d0: $EPC <= 000031d0
                 963@00004180: $15 <= 000031d0
                 965@00004184: $ 1 <= 00000000
                 967@00004188: $ 1 <= 00000004
                 969@0000418c: $15 <= 000031d4
                 969@00004190: $EPC <= 000031d4
                 973@00004194: $ 1 <= 00000000
                 975@00004198: $ 1 <= 00007f00
                 977@0000419c: $18 <= 00007f00
                 979@000041a0: $ 1 <= 00000000
                 981@000041a4: $ 1 <= 00007f10
                 983@000041a8: $19 <= 00007f10
                 985@000041ac: $ 8 <= 00000009
                 985@000041b0: *00007f00 <= 00000000
                 987@000041b4: *00007f10 <= 00000000
                 989@000041b8: *00007f00 <= 00000009
                 991@000041bc: *00007f10 <= 00000009
                 993@000041c0: $SR <= 0000fc01
