Running: C:\Xilinx\14.7\ISE_DS\ISE\bin\nt\unwrapped\fuse.exe -intstyle ise -incremental -lib unisims_ver -lib unimacro_ver -lib xilinxcorelib_ver -lib secureip -o D:/BUAA/CS/ComputerOrgan/ISE/P1/ALU_6ops/test_isim_beh.exe -prj D:/BUAA/CS/ComputerOrgan/ISE/P1/ALU_6ops/test_beh.prj work.test work.glbl 
ISim P.20131013 (signature 0x8ef4fb42)
Number of CPUs detected in this system: 8
Turning on mult-threading, number of parallel sub-compilation jobs: 16 
Determining compilation order of HDL files
Analyzing Verilog file "D:/BUAA/CS/ComputerOrgan/ISE/P1/ALU_6ops/alu.v" into library work
Analyzing Verilog file "D:/BUAA/CS/ComputerOrgan/ISE/P1/ALU_6ops/test.v" into library work
Analyzing Verilog file "C:/Xilinx/14.7/ISE_DS/ISE//verilog/src/glbl.v" into library work
Starting static elaboration
Completed static elaboration
Fuse Memory Usage: 180148 KB
Fuse CPU Usage: 265 ms
Compiling module alu
Compiling module test
Compiling module glbl
Time Resolution for simulation is 1ps.
Waiting for 1 sub-compilation(s) to finish...
Compiled 3 Verilog Units
Built simulation executable D:/BUAA/CS/ComputerOrgan/ISE/P1/ALU_6ops/test_isim_beh.exe
Fuse Memory Usage: 187780 KB
Fuse CPU Usage: 468 ms
