INFO:sim:172 - Generating IP...
Applying current project options...
Finished applying current project options.
WARNING:sim - A core named 'IM_BlockRAM' already exists in the project. Output
   products for this core may be overwritten.
Resolving generics for 'IM_BlockRAM'...
WARNING:sim - A core named 'IM_BlockRAM' already exists in the project. Output
   products for this core may be overwritten.
Applying external generics to 'IM_BlockRAM'...
Delivering associated files for 'IM_BlockRAM'...
Delivering EJava files for 'IM_BlockRAM'...
Generating implementation netlist for 'IM_BlockRAM'...
INFO:sim - Pre-processing HDL files for 'IM_BlockRAM'...
Running synthesis for 'IM_BlockRAM'
Running ngcbuild...
Writing VEO instantiation template for 'IM_BlockRAM'...
Writing Verilog behavioral simulation model for 'IM_BlockRAM'...
WARNING:sim - Overwriting existing file
   D:/BUAA/CS/ComputerOrgan/ISE/P8/ipcore_dir/tmp/_cg/IM_BlockRAM/doc/blk_mem_ge
   n_v7_3_vinfo.html with file from view xilinx_documentation
Delivered 1 file into directory
D:/BUAA/CS/ComputerOrgan/ISE/P8/ipcore_dir/tmp/_cg/IM_BlockRAM
Generating ASY schematic symbol...
INFO:sim:949 - Finished generation of ASY schematic symbol.
Generating SYM schematic symbol for 'IM_BlockRAM'...
Generating metadata file...
Regenerating ISE project file for 'IM_BlockRAM'...
Generating ISE project...
XCO file found: IM_BlockRAM.xco
XMDF file found: IM_BlockRAM_xmdf.tcl
Adding D:/BUAA/CS/ComputerOrgan/ISE/P8/ipcore_dir/tmp/_cg/IM_BlockRAM.asy -view
all -origin_type imported
Adding D:/BUAA/CS/ComputerOrgan/ISE/P8/ipcore_dir/tmp/_cg/IM_BlockRAM.ngc -view
all -origin_type created
Checking file
"D:/BUAA/CS/ComputerOrgan/ISE/P8/ipcore_dir/tmp/_cg/IM_BlockRAM.ngc" for project
device match ...
File "D:/BUAA/CS/ComputerOrgan/ISE/P8/ipcore_dir/tmp/_cg/IM_BlockRAM.ngc" device
information matches project device.
Adding D:/BUAA/CS/ComputerOrgan/ISE/P8/ipcore_dir/tmp/_cg/IM_BlockRAM.sym -view
all -origin_type imported
Adding D:/BUAA/CS/ComputerOrgan/ISE/P8/ipcore_dir/tmp/_cg/IM_BlockRAM.v -view
all -origin_type created
INFO:HDLCompiler:1845 - Analyzing Verilog file
   "D:/BUAA/CS/ComputerOrgan/ISE/P8/ipcore_dir/tmp/_cg/IM_BlockRAM.v" into
   library work
INFO:ProjectMgmt - Parsing design hierarchy completed successfully.
Adding D:/BUAA/CS/ComputerOrgan/ISE/P8/ipcore_dir/tmp/_cg/IM_BlockRAM.veo -view
all -origin_type imported
INFO:TclTasksC:2116 - The automatic calculation of top has been turned-off.
   Please set the new top explicitly by running the "project set top" command.
   To re-calculate the new top automatically, set the "Auto Implementation Top"
   property to true.
Top level has been set to "/IM_BlockRAM"
Generating README file...
Generating FLIST file...
INFO:sim:948 - Finished FLIST file generation.
Launching README viewer...
Moving files to output directory...
Finished moving files to output directory
Wrote CGP file for project 'IM_BlockRAM'.
