ISim log file
Running: D:\BUAA\CS\ComputerOrgan\ISE\P4\SingleCycleNew\MIPS_CODE_isim_beh.exe -intstyle ise -gui -tclbatch isim.cmd -wdb D:/BUAA/CS/ComputerOrgan/ISE/P4/SingleCycleNew/MIPS_CODE_isim_beh.wdb 
ISim P.20131013 (signature 0x8ef4fb42)
WARNING: A WEBPACK license was found.
WARNING: Please use Xilinx License Configuration Manager to check out a full ISim license.
WARNING: ISim will run in Lite mode. Please refer to the ISim documentation for more information on the differences between the Lite and the Full version.
This is a Lite version of ISim.
Time resolution is 1 ps
# onerror resume
# wave add /
# run 1000 ns
Simulator is doing circuit initialization process.
Finished circuit initialization process.
@00003000: $31 <= 00003004
@00003034: $ 8 <= 00000007
@00003038: $ 9 <= 00000037
@0000303c: $10 <= 0000003e
@00003044: $11 <= 00010000
@00003048: $12 <= 0000ffc2
@00003050: $16 <= 00000004
@00003004: *00000004 <= 00000007
@00003008: *00000008 <= 00000037
@0000300c: *0000000c <= 0000003e
@00003010: *00000010 <= 00010000
@00003014: $11 <= 00000007
@00003018: $10 <= 00000037
@0000301c: $ 9 <= 0000003e
@00003020: $ 8 <= 00010000
@00003028: $12 <= 00000007
@00003004: *00000004 <= 00010000
@00003008: *00000008 <= 0000003e
@0000300c: *0000000c <= 00000037
@00003010: *00000010 <= 00000007
@00003014: $11 <= 00010000
@00003018: $10 <= 0000003e
@0000301c: $ 9 <= 00000037
@00003020: $ 8 <= 00000007
@00003028: $12 <= fffffff9
@00003004: *00000004 <= 00000007
@00003008: *00000008 <= 00000037
@0000300c: *0000000c <= 0000003e
@00003010: *00000010 <= 00010000
@00003014: $11 <= 00000007
@00003018: $10 <= 00000037
@0000301c: $ 9 <= 0000003e
@00003020: $ 8 <= 00010000
@00003028: $12 <= 00000007
@00003004: *00000004 <= 00010000
@00003008: *00000008 <= 0000003e
@0000300c: *0000000c <= 00000037
@00003010: *00000010 <= 00000007
@00003014: $11 <= 00010000
@00003018: $10 <= 0000003e
@00003000: $31 <= 00003004
@00003034: $ 8 <= 00000007
@00003038: $ 9 <= 00000037
@0000303c: $10 <= 0000003e
@00003044: $11 <= 00010000
@00003048: $12 <= 0000ffc2
@00003050: $16 <= 00000004
@00003004: *00000004 <= 00000007
@00003008: *00000008 <= 00000037
@0000300c: *0000000c <= 0000003e
@00003010: *00000010 <= 00010000
@00003014: $11 <= 00000007
@00003018: $10 <= 00000037
@0000301c: $ 9 <= 0000003e
@00003020: $ 8 <= 00010000
@00003028: $12 <= 00000007
@00003004: *00000004 <= 00010000
@00003008: *00000008 <= 0000003e
@0000300c: *0000000c <= 00000037
@00003010: *00000010 <= 00000007
@00003014: $11 <= 00010000
@00003018: $10 <= 0000003e
@0000301c: $ 9 <= 00000037
@00003020: $ 8 <= 00000007
@00003028: $12 <= fffffff9
@00003004: *00000004 <= 00000007
@00003008: *00000008 <= 00000037
@0000300c: *0000000c <= 0000003e
@00003010: *00000010 <= 00010000
@00003014: $11 <= 00000007
@00003018: $10 <= 00000037
@0000301c: $ 9 <= 0000003e
@00003020: $ 8 <= 00010000
@00003028: $12 <= 00000007
@00003004: *00000004 <= 00010000
@00003008: *00000008 <= 0000003e
@0000300c: *0000000c <= 00000037
@00003010: *00000010 <= 00000007
@00003014: $11 <= 00010000
