ISim log file
Running: D:\BUAA\CS\ComputerOrgan\ISE\P7\MIPS50\TB_isim_beh.exe -intstyle ise -gui -tclbatch isim.cmd -wdb D:/BUAA/CS/ComputerOrgan/ISE/P7/MIPS50/TB_isim_beh.wdb 
ISim P.20131013 (signature 0x8ef4fb42)
WARNING: A WEBPACK license was found.
WARNING: Please use Xilinx License Configuration Manager to check out a full ISim license.
WARNING: ISim will run in Lite mode. Please refer to the ISim documentation for more information on the differences between the Lite and the Full version.
This is a Lite version of ISim.
Time resolution is 1 ps
# onerror resume
# wave add /
# run 1000 ns
Simulator is doing circuit initialization process.
Finished circuit initialization process.
                   9@00003000: $28 <= 00000000
                  11@00003004: $26 <= 00000001
                  13@00003008: $27 <= 00000004
                  15@0000300c: $29 <= 00000020
                  15@00003010: *00000000 <= 00000020
                  19@00003014: $22 <= 00000000
                  21@00003018: $23 <= 00000000
                  23@0000301c: $ 4 <= 00000f0f
                  25@00003020: $ 5 <= 00000f8f
                  27@00003024: $ 6 <= 00008e1e
                  29@00003028: $ 7 <= 00000f4f
                  29@0000302c: *00000020 <= 00000f8f
                  33@00003030: $29 <= 00000024
                  33@00003034: *00000024 <= 8e1e0000
                  37@00003038: $29 <= 00000028
                  37@0000303c: *00000028 <= 4f000000
                  41@00003040: $ 9 <= 00000004
                  43@00003044: $29 <= 0000002c
                  45@00003048: $ 8 <= ffff8e1e
                  49@0000304c: $ 9 <= fffff8e1
                  49@00003050: *0000002c <= e1000000
                  53@00003054: $29 <= 00000030
                  55@00003058: $31 <= 00003060
                  57@0000305c: $23 <= 00000001
                  59@000031e8: $ 9 <= 00000040
                  63@000031f0: $23 <= 00000002
                  63@00003060: *00000030 <= 00000040
                  67@00003064: $29 <= 00000034
                  69@00003068: $ 9 <= ffff8e5e
                  71@0000306c: $10 <= 00000040
                  73@00003070: $11 <= 00000003
                  73@00003074: *00000034 <= 00000040
                  75@00003078: *00000038 <= 00000300
                  79@0000307c: $29 <= 00000038
                  81@00003080: $29 <= 0000003c
                  83@00003084: $ 9 <= 00000004
                  83@00003088: *00000004 <= 00000f0f
                  85@0000308c: *00000008 <= 00000f8f
                  89@00003090: $10 <= 00000008
                  91@00003094: $ 9 <= ffffff8f
                  93@00003098: $11 <= 00000f0f
                  93@0000309c: *0000003c <= ffffff8f
                  97@000030a0: $29 <= 00000040
                  97@000030a4: *00000040 <= 00000f0f
                 101@000030a8: $29 <= 00000044
                 103@000030ac: $ 8 <= 00000300
                 111@000030b4: $23 <= 00000003
                 113@000030bc: $ 8 <= 00000f0f
                 121@000030c4: $23 <= 00000004
                 123@000030c8: $22 <= 00000001
                 125@000030cc: $ 8 <= 00000f8f
                 127@000030d0: $ 9 <= 00000f0f
                 133@000030d8: $23 <= 00000005
                 135@000030e0: $ 8 <= 00008e14
                 137@000030e4: $ 9 <= f0f00000
                 143@000030ec: $23 <= 00000006
                 145@000030f4: $ 8 <= ffffff8f
                 149@000030f8: $ 9 <= 0001ffff
                 149@000030fc: *00000044 <= 0001ffff
                 153@00003100: $29 <= 00000048
                 155@00003104: $ 8 <= 00000020
                 159@00003108: $ 9 <= 00000f8f
                 159@0000310c: *00000048 <= 00000f8f
                 163@00003110: $29 <= 0000004c
                 163@00003114: *00000000 <= 0000004c
                 167@00003118: $29 <= 00000050
                 169@0000311c: $ 8 <= 0000004c
                 171@00003120: *0000004c <= 0000004c
                 175@00003124: $31 <= 0000312c
                 177@00003128: $23 <= 00000007
                 179@000031f8: $ 9 <= 00004f00
                 179@000031fc: *00000050 <= 00004f00
                 183@00003200: $29 <= 00000054
                 187@00003208: $23 <= 00000008
                 189@0000312c: $ 9 <= 0000312c
                 191@00003130: $ 8 <= 00000018
                 193@00003134: $ 9 <= 00003144
                 195@00003138: $25 <= 00000000
                 197@0000313c: $31 <= 00003144
                 199@00003140: $23 <= 00000009
                 201@00003210: $25 <= 00000000
                 205@00003218: $23 <= 0000000a
                 209@00003224: $23 <= 0000000b
                 211@00003144: $ 8 <= 000000d4
                 213@00003148: $ 9 <= 00003218
                 215@0000314c: $31 <= 00003154
                 217@00003150: $23 <= 0000000c
                 221@00003230: $23 <= 0000000d
                 223@00003234: $22 <= 00000002
                 227@0000323c: $23 <= 0000000e
                 229@00003154: $ 8 <= 00000050
                 231@00003158: $ 9 <= 000031a4
                 233@0000315c: $31 <= 00003164
                 235@00003160: $23 <= 0000000f
                 239@00003248: $23 <= 00000010
                 241@0000324c: $22 <= 00000003
                 245@00003254: $23 <= 00000011
                 247@00003164: $31 <= 0000316c
                 249@00003168: $23 <= 00000012
                 251@00003258: $ 8 <= 000062d8
                 251@0000325c: *00000054 <= 000062d8
                 255@00003260: $29 <= 00000058
                 259@00003268: $23 <= 00000013
                 261@0000316c: $31 <= 00003174
                 263@00003170: $23 <= 00000014
                 263@0000326c: *00000014 <= 00000058
                 269@00003274: $23 <= 00000015
                 271@00003174: $31 <= 0000317c
                 273@00003178: $23 <= 00000016
                 273@00003278: *00000058 <= 0000317c
                 277@0000327c: $29 <= 0000005c
                 279@00003280: $31 <= 00003178
                 281@00003284: $31 <= 0000328c
                 283@00003288: $23 <= 00000017
                 283@00003298: *0000005c <= 0000328c
                 287@0000329c: $29 <= 00000060
                 289@000032a0: $ 8 <= 00000008
                 291@000032a4: $31 <= 00003294
                 293@000032a8: $25 <= 00000000
                 295@000032ac: $25 <= 00000000
                 297@000032b0: $31 <= 0000328c
                 303@000032b8: $23 <= 00000018
                 305@0000328c: $31 <= 0000317c
                 313@00003294: $23 <= 00000019
                 315@0000317c: $31 <= 00003184
                 317@00003180: $23 <= 0000001a
                 319@000032bc: $ 8 <= 00003000
                 321@000032c0: $31 <= 00000184
                 321@000032c4: *00000060 <= 00000184
                 325@000032c8: $29 <= 00000064
                 327@000032cc: $31 <= 00003184
                 333@000032d4: $23 <= 0000001b
                 335@00003184: $ 8 <= 000032d8
                 339@00003188: $31 <= 00003190
                 341@0000318c: $23 <= 0000001c
                 341@000032d8: *00000064 <= 00003190
                 345@000032dc: $29 <= 00000068
                 349@000032e4: $23 <= 0000001d
                 349@00003190: *00000068 <= 000032d8
                 353@00003194: $29 <= 0000006c
                 355@00003198: $ 9 <= 000032d8
                 361@0000319c: $31 <= 000031a4
                 363@000031a0: $23 <= 0000001e
                 363@000032d8: *0000006c <= 000031a4
                 367@000032dc: $29 <= 00000070
                 371@000032e4: $23 <= 0000001f
                 373@000031a4: $ 8 <= 000031a4
                 375@000031a8: $ 9 <= 000032d8
                 393@000031b0: $10 <= 09dbea60
                 419@000031b8: $11 <= 00000134
                 419@000031bc: *00000070 <= 09dbea60
                 423@000031c0: $29 <= 00000074
                 423@000031c4: *00000074 <= 00000134
                 427@000031c8: $29 <= 00000078
                 427@000031cc: *00000078 <= 0000001f
                 431@000031d0: $29 <= 0000007c
                 431@000031d4: *0000007c <= 00000003
                 435@000031d8: $29 <= 00000080
